===2016-11-24 13:31:36.577 INFO  org.springframework.test.context.support.AbstractContextLoader Line:242 - Could not detect default resource locations for test class [com.smtcl.MachineToolApplicationTests]: no resource found for suffixes {-context.xml, Context.groovy}.
===2016-11-24 13:31:36.674 INFO  org.springframework.test.context.web.WebTestContextBootstrapper Line:259 - Loaded default TestExecutionListener class names from location [META-INF/spring.factories]: [org.springframework.test.context.web.ServletTestExecutionListener, org.springframework.test.context.support.DirtiesContextBeforeModesTestExecutionListener, org.springframework.test.context.support.DependencyInjectionTestExecutionListener, org.springframework.test.context.support.DirtiesContextTestExecutionListener, org.springframework.test.context.transaction.TransactionalTestExecutionListener, org.springframework.test.context.jdbc.SqlScriptsTestExecutionListener]
===2016-11-24 13:31:36.706 INFO  org.springframework.test.context.web.WebTestContextBootstrapper Line:185 - Using TestExecutionListeners: [org.springframework.test.context.web.ServletTestExecutionListener@6b53e23f, org.springframework.test.context.support.DirtiesContextBeforeModesTestExecutionListener@64d2d351, org.springframework.test.context.support.DependencyInjectionTestExecutionListener@1b68b9a4, org.springframework.test.context.support.DirtiesContextTestExecutionListener@4f9a3314, org.springframework.test.context.transaction.TransactionalTestExecutionListener@3b2c72c2, org.springframework.test.context.jdbc.SqlScriptsTestExecutionListener@491666ad]
===2016-11-24 13:31:36.715 INFO  org.springframework.test.context.support.AbstractContextLoader Line:242 - Could not detect default resource locations for test class [com.smtcl.MachineToolApplicationTests]: no resource found for suffixes {-context.xml, Context.groovy}.
===2016-11-24 13:31:36.720 INFO  org.springframework.test.context.web.WebTestContextBootstrapper Line:259 - Loaded default TestExecutionListener class names from location [META-INF/spring.factories]: [org.springframework.test.context.web.ServletTestExecutionListener, org.springframework.test.context.support.DirtiesContextBeforeModesTestExecutionListener, org.springframework.test.context.support.DependencyInjectionTestExecutionListener, org.springframework.test.context.support.DirtiesContextTestExecutionListener, org.springframework.test.context.transaction.TransactionalTestExecutionListener, org.springframework.test.context.jdbc.SqlScriptsTestExecutionListener]
===2016-11-24 13:31:36.721 INFO  org.springframework.test.context.web.WebTestContextBootstrapper Line:185 - Using TestExecutionListeners: [org.springframework.test.context.web.ServletTestExecutionListener@667a738, org.springframework.test.context.support.DirtiesContextBeforeModesTestExecutionListener@36f0f1be, org.springframework.test.context.support.DependencyInjectionTestExecutionListener@157632c9, org.springframework.test.context.support.DirtiesContextTestExecutionListener@6ee12bac, org.springframework.test.context.transaction.TransactionalTestExecutionListener@55040f2f, org.springframework.test.context.jdbc.SqlScriptsTestExecutionListener@64c87930]
===2016-11-24 13:31:38.145 INFO  com.smtcl.MachineToolApplicationTests Line:48  - Starting MachineToolApplicationTests on pc with PID 2128 (E:\workspace\machinetool\machinetool\target\test-classes started by Administrator in E:\workspace\machinetool\machinetool)
===2016-11-24 13:31:38.146 INFO  com.smtcl.MachineToolApplicationTests Line:664 - No active profile set, falling back to default profiles: default
===2016-11-24 13:31:38.669 INFO  org.hibernate.validator.internal.util.Version Line:17  - HV000001: Hibernate Validator 5.2.2.Final
===2016-11-24 13:31:39.127 INFO  org.springframework.web.context.support.GenericWebApplicationContext Line:578 - Refreshing org.springframework.web.context.support.GenericWebApplicationContext@c03cf28: startup date [Thu Nov 24 13:31:39 CST 2016]; root of context hierarchy
===2016-11-24 13:31:42.102 INFO  org.eclipse.jetty.util.log Line:186 - Logging initialized @8729ms
===2016-11-24 13:31:43.246 INFO  org.springframework.beans.factory.support.DefaultListableBeanFactory Line:839 - Overriding bean definition for bean 'filterRegistrationBean' with a different definition: replacing [Root bean: class [null]; scope=; abstract=false; lazyInit=false; autowireMode=3; dependencyCheck=0; autowireCandidate=true; primary=false; factoryBeanName=characterEncoding; factoryMethodName=filterRegistrationBean; initMethodName=null; destroyMethodName=(inferred); defined in class path resource [com/smtcl/machinetool/configs/CharacterEncoding.class]] with [Root bean: class [null]; scope=; abstract=false; lazyInit=false; autowireMode=3; dependencyCheck=0; autowireCandidate=true; primary=false; factoryBeanName=databaseConfig; factoryMethodName=filterRegistrationBean; initMethodName=null; destroyMethodName=(inferred); defined in class path resource [com/smtcl/machinetool/configs/DatabaseConfig.class]]
===2016-11-24 13:31:43.297 INFO  org.springframework.beans.factory.support.DefaultListableBeanFactory Line:839 - Overriding bean definition for bean 'filterRegistrationBean' with a different definition: replacing [Root bean: class [null]; scope=; abstract=false; lazyInit=false; autowireMode=3; dependencyCheck=0; autowireCandidate=true; primary=false; factoryBeanName=databaseConfig; factoryMethodName=filterRegistrationBean; initMethodName=null; destroyMethodName=(inferred); defined in class path resource [com/smtcl/machinetool/configs/DatabaseConfig.class]] with [Root bean: class [null]; scope=; abstract=false; lazyInit=false; autowireMode=3; dependencyCheck=0; autowireCandidate=true; primary=false; factoryBeanName=loginFilterConfig; factoryMethodName=filterRegistrationBean; initMethodName=null; destroyMethodName=(inferred); defined in class path resource [com/smtcl/machinetool/configs/LoginFilterConfig.class]]
===2016-11-24 13:31:43.695 INFO  org.springframework.beans.factory.support.DefaultListableBeanFactory Line:839 - Overriding bean definition for bean 'beanNameViewResolver' with a different definition: replacing [Root bean: class [null]; scope=; abstract=false; lazyInit=false; autowireMode=3; dependencyCheck=0; autowireCandidate=true; primary=false; factoryBeanName=org.springframework.boot.autoconfigure.web.ErrorMvcAutoConfiguration$WhitelabelErrorViewConfiguration; factoryMethodName=beanNameViewResolver; initMethodName=null; destroyMethodName=(inferred); defined in class path resource [org/springframework/boot/autoconfigure/web/ErrorMvcAutoConfiguration$WhitelabelErrorViewConfiguration.class]] with [Root bean: class [null]; scope=; abstract=false; lazyInit=false; autowireMode=3; dependencyCheck=0; autowireCandidate=true; primary=false; factoryBeanName=org.springframework.boot.autoconfigure.web.WebMvcAutoConfiguration$WebMvcAutoConfigurationAdapter; factoryMethodName=beanNameViewResolver; initMethodName=null; destroyMethodName=(inferred); defined in class path resource [org/springframework/boot/autoconfigure/web/WebMvcAutoConfiguration$WebMvcAutoConfigurationAdapter.class]]
===2016-11-24 13:31:44.972 INFO  org.springframework.context.support.PostProcessorRegistrationDelegate$BeanPostProcessorChecker Line:328 - Bean 'redisConfig' of type [class com.smtcl.machinetool.configs.RedisConfig$$EnhancerBySpringCGLIB$$64b6022b] is not eligible for getting processed by all BeanPostProcessors (for example: not eligible for auto-proxying)
===2016-11-24 13:31:45.055 INFO  org.springframework.context.support.PostProcessorRegistrationDelegate$BeanPostProcessorChecker Line:328 - Bean 'org.springframework.cache.annotation.ProxyCachingConfiguration' of type [class org.springframework.cache.annotation.ProxyCachingConfiguration$$EnhancerBySpringCGLIB$$f81a2ab] is not eligible for getting processed by all BeanPostProcessors (for example: not eligible for auto-proxying)
===2016-11-24 13:31:45.122 INFO  org.springframework.context.support.PostProcessorRegistrationDelegate$BeanPostProcessorChecker Line:328 - Bean 'org.springframework.transaction.annotation.ProxyTransactionManagementConfiguration' of type [class org.springframework.transaction.annotation.ProxyTransactionManagementConfiguration$$EnhancerBySpringCGLIB$$a823d84d] is not eligible for getting processed by all BeanPostProcessors (for example: not eligible for auto-proxying)
===2016-11-24 13:31:47.847 INFO  com.alibaba.druid.pool.DruidDataSource Line:721 - {dataSource-1} inited
===2016-11-24 13:31:48.065 INFO  com.alibaba.druid.pool.DruidDataSource Line:721 - {dataSource-2} inited
===2016-11-24 13:31:48.529 INFO  org.springframework.orm.jpa.LocalContainerEntityManagerFactoryBean Line:339 - Building JPA container EntityManagerFactory for persistence unit 'default'
===2016-11-24 13:31:48.672 INFO  org.hibernate.jpa.internal.util.LogHelper Line:46  - HHH000204: Processing PersistenceUnitInfo [
	name: default
	...]
===2016-11-24 13:31:49.215 INFO  org.hibernate.Version Line:54  - HHH000412: Hibernate Core {4.3.11.Final}
===2016-11-24 13:31:49.217 INFO  org.hibernate.cfg.Environment Line:239 - HHH000206: hibernate.properties not found
===2016-11-24 13:31:49.220 INFO  org.hibernate.cfg.Environment Line:346 - HHH000021: Bytecode provider name : javassist
===2016-11-24 13:31:49.554 INFO  org.hibernate.annotations.common.Version Line:66  - HCANN000001: Hibernate Commons Annotations {4.0.5.Final}
===2016-11-24 13:31:49.753 INFO  org.hibernate.dialect.Dialect Line:145 - HHH000400: Using dialect: org.hibernate.dialect.MySQL5Dialect
===2016-11-24 13:31:50.194 INFO  org.hibernate.hql.internal.ast.ASTQueryTranslatorFactory Line:47  - HHH000397: Using ASTQueryTranslatorFactory
===2016-11-24 13:31:51.683 INFO  org.hibernate.dialect.Dialect Line:145 - HHH000400: Using dialect: org.hibernate.dialect.MySQL5Dialect
===2016-11-24 13:31:51.746 INFO  org.hibernate.engine.transaction.internal.TransactionFactoryInitiator Line:62  - HHH000399: Using default transaction strategy (direct JDBC transactions)
===2016-11-24 13:31:51.747 INFO  org.hibernate.hql.internal.ast.ASTQueryTranslatorFactory Line:47  - HHH000397: Using ASTQueryTranslatorFactory
===2016-11-24 13:31:52.192 INFO  org.hibernate.tool.hbm2ddl.SchemaUpdate Line:207 - HHH000228: Running hbm2ddl schema update
===2016-11-24 13:31:52.193 INFO  org.hibernate.tool.hbm2ddl.SchemaUpdate Line:218 - HHH000102: Fetching database metadata
===2016-11-24 13:31:52.197 INFO  org.hibernate.tool.hbm2ddl.SchemaUpdate Line:230 - HHH000396: Updating schema
===2016-11-24 13:31:52.226 INFO  org.hibernate.tool.hbm2ddl.TableMetadata Line:65  - HHH000261: Table found: machinetool.c_accessories_life
===2016-11-24 13:31:52.227 INFO  org.hibernate.tool.hbm2ddl.TableMetadata Line:66  - HHH000037: Columns: [cuttool_id, all_consumption, cumulative_process_time, accessories_no, last_calculation_time, process_time]
===2016-11-24 13:31:52.228 INFO  org.hibernate.tool.hbm2ddl.TableMetadata Line:68  - HHH000108: Foreign keys: []
===2016-11-24 13:31:52.229 INFO  org.hibernate.tool.hbm2ddl.TableMetadata Line:69  - HHH000126: Indexes: [primary]
===2016-11-24 13:31:52.257 INFO  org.hibernate.tool.hbm2ddl.TableMetadata Line:65  - HHH000261: Table found: machinetool.c_account_apply
===2016-11-24 13:31:52.258 INFO  org.hibernate.tool.hbm2ddl.TableMetadata Line:66  - HHH000037: Columns: [password, apply_time, id, account]
===2016-11-24 13:31:52.258 INFO  org.hibernate.tool.hbm2ddl.TableMetadata Line:68  - HHH000108: Foreign keys: []
===2016-11-24 13:31:52.259 INFO  org.hibernate.tool.hbm2ddl.TableMetadata Line:69  - HHH000126: Indexes: [uk_f6rngvjfeuvdyye9pvnbiivlm, uf_account, primary]
===2016-11-24 13:31:52.270 INFO  org.hibernate.tool.hbm2ddl.TableMetadata Line:65  - HHH000261: Table found: machinetool.c_account_authority
===2016-11-24 13:31:52.271 INFO  org.hibernate.tool.hbm2ddl.TableMetadata Line:66  - HHH000037: Columns: [_function, isadmin, authority, function, function_node, account]
===2016-11-24 13:31:52.272 INFO  org.hibernate.tool.hbm2ddl.TableMetadata Line:68  - HHH000108: Foreign keys: []
===2016-11-24 13:31:52.272 INFO  org.hibernate.tool.hbm2ddl.TableMetadata Line:69  - HHH000126: Indexes: [primary]
===2016-11-24 13:31:52.285 INFO  org.hibernate.tool.hbm2ddl.TableMetadata Line:65  - HHH000261: Table found: machinetool.c_agreement
===2016-11-24 13:31:52.286 INFO  org.hibernate.tool.hbm2ddl.TableMetadata Line:66  - HHH000037: Columns: [order_code, material_no, issue_number, issue_money, update_time, create_time, row_type, create_person, row_number, state, unit_price, brand]
===2016-11-24 13:31:52.286 INFO  org.hibernate.tool.hbm2ddl.TableMetadata Line:68  - HHH000108: Foreign keys: []
===2016-11-24 13:31:52.287 INFO  org.hibernate.tool.hbm2ddl.TableMetadata Line:69  - HHH000126: Indexes: [primary]
===2016-11-24 13:31:52.301 INFO  org.hibernate.tool.hbm2ddl.TableMetadata Line:65  - HHH000261: Table found: machinetool.c_agreement_head
===2016-11-24 13:31:52.302 INFO  org.hibernate.tool.hbm2ddl.TableMetadata Line:66  - HHH000037: Columns: [version_no, by_unilateral, create_time, buyer, sent_amount, order_code, update_time, create_person, id, update_person, supplier_name, supplier_code, status]
===2016-11-24 13:31:52.302 INFO  org.hibernate.tool.hbm2ddl.TableMetadata Line:68  - HHH000108: Foreign keys: []
===2016-11-24 13:31:52.303 INFO  org.hibernate.tool.hbm2ddl.TableMetadata Line:69  - HHH000126: Indexes: [primary]
===2016-11-24 13:31:52.311 INFO  org.hibernate.tool.hbm2ddl.TableMetadata Line:65  - HHH000261: Table found: machinetool.c_application_head
===2016-11-24 13:31:52.312 INFO  org.hibernate.tool.hbm2ddl.TableMetadata Line:66  - HHH000037: Columns: [create_time, application_no, organization, explaining, create_person, state, writer, type]
===2016-11-24 13:31:52.312 INFO  org.hibernate.tool.hbm2ddl.TableMetadata Line:68  - HHH000108: Foreign keys: []
===2016-11-24 13:31:52.313 INFO  org.hibernate.tool.hbm2ddl.TableMetadata Line:69  - HHH000126: Indexes: [primary]
===2016-11-24 13:31:52.327 INFO  org.hibernate.tool.hbm2ddl.TableMetadata Line:65  - HHH000261: Table found: machinetool.c_application_line
===2016-11-24 13:31:52.327 INFO  org.hibernate.tool.hbm2ddl.TableMetadata Line:66  - HHH000037: Columns: [order_no, approver, issue_no, accept_number, demand_time, line_no, supplier_no, build_person, build_time, last_month_consumption, dispatch_no, applicant, number, accept_warehouse_id, order_line_no, application_no, supplier, cancle_number, material_id, state, current_inventory, order_type, brand, all_inventory]
===2016-11-24 13:31:52.328 INFO  org.hibernate.tool.hbm2ddl.TableMetadata Line:68  - HHH000108: Foreign keys: [supplier_no_fk, apply_no_fk]
===2016-11-24 13:31:52.328 INFO  org.hibernate.tool.hbm2ddl.TableMetadata Line:69  - HHH000126: Indexes: [supplier_no_fk, primary]
===2016-11-24 13:31:52.338 INFO  org.hibernate.tool.hbm2ddl.TableMetadata Line:65  - HHH000261: Table found: machinetool.c_authority_menu
===2016-11-24 13:31:52.338 INFO  org.hibernate.tool.hbm2ddl.TableMetadata Line:66  - HHH000037: Columns: [node_level, node_name, link_page, child_num, p_node, ismenu, node_id]
===2016-11-24 13:31:52.339 INFO  org.hibernate.tool.hbm2ddl.TableMetadata Line:68  - HHH000108: Foreign keys: []
===2016-11-24 13:31:52.339 INFO  org.hibernate.tool.hbm2ddl.TableMetadata Line:69  - HHH000126: Indexes: [primary]
===2016-11-24 13:31:52.349 INFO  org.hibernate.tool.hbm2ddl.TableMetadata Line:65  - HHH000261: Table found: machinetool.c_batch_list
===2016-11-24 13:31:52.350 INFO  org.hibernate.tool.hbm2ddl.TableMetadata Line:66  - HHH000037: Columns: [batch_no, supplier_batch, enable_date, batch_id, expiry_date, valid_days, material_id]
===2016-11-24 13:31:52.351 INFO  org.hibernate.tool.hbm2ddl.TableMetadata Line:68  - HHH000108: Foreign keys: [material_id_fk]
===2016-11-24 13:31:52.351 INFO  org.hibernate.tool.hbm2ddl.TableMetadata Line:69  - HHH000126: Indexes: [batch_id, material_id_fk, primary]
===2016-11-24 13:31:52.362 INFO  org.hibernate.tool.hbm2ddl.TableMetadata Line:65  - HHH000261: Table found: machinetool.c_borrow_return
===2016-11-24 13:31:52.363 INFO  org.hibernate.tool.hbm2ddl.TableMetadata Line:66  - HHH000037: Columns: [goods_allocation_id, create_time, borrow_code, plan_return_time, borrow_date, goods_use_status, material_version_des, borrow_number, rownum, update_time, batch_number_id, sequence_id, material_id, create_person, scrap_number, update_person, return_number, borrow_no, remarks, return_date]
===2016-11-24 13:31:52.364 INFO  org.hibernate.tool.hbm2ddl.TableMetadata Line:68  - HHH000108: Foreign keys: [borrow_material, fk_6qb7l8ulrafdrjnbhnt62kmb3, borrow_return_ibfk_1]
===2016-11-24 13:31:52.364 INFO  org.hibernate.tool.hbm2ddl.TableMetadata Line:69  - HHH000126: Indexes: [borrow_material, fk_6qb7l8ulrafdrjnbhnt62kmb3, primary]
===2016-11-24 13:31:52.390 INFO  org.hibernate.tool.hbm2ddl.TableMetadata Line:65  - HHH000261: Table found: machinetool.c_borrower
===2016-11-24 13:31:52.391 INFO  org.hibernate.tool.hbm2ddl.TableMetadata Line:66  - HHH000037: Columns: [create_time, workshop, employee_card_no, team, classification, borrowed_name, production_line, password, update_time, allow_borrow_number, organization, invalid, create_person, workshop_section, using_equipment, update_person, equipment_id]
===2016-11-24 13:31:52.395 INFO  org.hibernate.tool.hbm2ddl.TableMetadata Line:68  - HHH000108: Foreign keys: [borrower_ibfk_1]
===2016-11-24 13:31:52.396 INFO  org.hibernate.tool.hbm2ddl.TableMetadata Line:69  - HHH000126: Indexes: [primary, borrower_ibfk_1]
===2016-11-24 13:31:52.412 INFO  org.hibernate.tool.hbm2ddl.TableMetadata Line:65  - HHH000261: Table found: machinetool.c_buyer
===2016-11-24 13:31:52.413 INFO  org.hibernate.tool.hbm2ddl.TableMetadata Line:66  - HHH000037: Columns: [explain_text, id, buyer]
===2016-11-24 13:31:52.414 INFO  org.hibernate.tool.hbm2ddl.TableMetadata Line:68  - HHH000108: Foreign keys: []
===2016-11-24 13:31:52.415 INFO  org.hibernate.tool.hbm2ddl.TableMetadata Line:69  - HHH000126: Indexes: [primary]
===2016-11-24 13:31:52.430 INFO  org.hibernate.tool.hbm2ddl.TableMetadata Line:65  - HHH000261: Table found: machinetool.c_cargo_space_definition
===2016-11-24 13:31:52.431 INFO  org.hibernate.tool.hbm2ddl.TableMetadata Line:66  - HHH000037: Columns: [cargo_space_explain, quantity_unit, coordinate, storage_room_id, cargo_space_id, weight, cargo_space_no, max_number, invalid_date, volume_unit, weight_unit, cargo_space_state, volume_size, barcode, dimension, dimension_unit]
===2016-11-24 13:31:52.432 INFO  org.hibernate.tool.hbm2ddl.TableMetadata Line:68  - HHH000108: Foreign keys: [fk_dimension_unit, fk_quantity_unit, fk_volume_unit, fk_storage_id, fk_weight_unit]
===2016-11-24 13:31:52.433 INFO  org.hibernate.tool.hbm2ddl.TableMetadata Line:69  - HHH000126: Indexes: [fk_dimension_unit, fk_quantity_unit, fk_volume_unit, fk_storage_id, uk_mcwprdjthyn920r0ock1mhhn, uk_storage, fk_weight_unit, primary]
===2016-11-24 13:31:52.444 INFO  org.hibernate.tool.hbm2ddl.TableMetadata Line:65  - HHH000261: Table found: machinetool.c_characteristic_description
===2016-11-24 13:31:52.445 INFO  org.hibernate.tool.hbm2ddl.TableMetadata Line:66  - HHH000037: Columns: [characteristic_description, id]
===2016-11-24 13:31:52.445 INFO  org.hibernate.tool.hbm2ddl.TableMetadata Line:68  - HHH000108: Foreign keys: []
===2016-11-24 13:31:52.446 INFO  org.hibernate.tool.hbm2ddl.TableMetadata Line:69  - HHH000126: Indexes: [primary]
===2016-11-24 13:31:52.460 INFO  org.hibernate.tool.hbm2ddl.TableMetadata Line:65  - HHH000261: Table found: machinetool.c_cuttool_assembly
===2016-11-24 13:31:52.460 INFO  org.hibernate.tool.hbm2ddl.TableMetadata Line:66  - HHH000037: Columns: [order_no, date, cuttool_id, easy_consume, assemblyid, cuttool_no, encoding_body, material_version, number, unit, chip_cutting, material_id, create_user]
===2016-11-24 13:31:52.478 INFO  org.hibernate.tool.hbm2ddl.TableMetadata Line:68  - HHH000108: Foreign keys: [fk_3xklkygafec1upp1xw4a32e2t, fk_mid02j0s0b1xjf42f43foq02y]
===2016-11-24 13:31:52.479 INFO  org.hibernate.tool.hbm2ddl.TableMetadata Line:69  - HHH000126: Indexes: [fk_3xklkygafec1upp1xw4a32e2t, fk_mid02j0s0b1xjf42f43foq02y, primary]
===2016-11-24 13:31:52.497 INFO  org.hibernate.tool.hbm2ddl.TableMetadata Line:65  - HHH000261: Table found: machinetool.c_cuttool_basedata
===2016-11-24 13:31:52.498 INFO  org.hibernate.tool.hbm2ddl.TableMetadata Line:66  - HHH000037: Columns: [cuttool_description, cuttool_no, using_status, graphical, initial_stock, isscrap, characteristic_description, amount_processing_time, type, life_alarm, send_state, programming_diameter_small, amount_change_edge, programming_diameter_length, update_user, cuttool_team, function, intial_goods_allocation, cuttool_id, status_description, create_time, initiate_status, cuttool_handle_type, priority_level, programming_diameter_large, lifetime_tracking, update_tme, bar_code, create_user, initial_lifetime, fun, surplus_lifetime]
===2016-11-24 13:31:52.499 INFO  org.hibernate.tool.hbm2ddl.TableMetadata Line:68  - HHH000108: Foreign keys: []
===2016-11-24 13:31:52.500 INFO  org.hibernate.tool.hbm2ddl.TableMetadata Line:69  - HHH000126: Indexes: [uk_cutbase_unique, uk_pkd8hlx5ob0v9fwc9ynxbe5nc, primary]
===2016-11-24 13:31:52.515 INFO  org.hibernate.tool.hbm2ddl.TableMetadata Line:65  - HHH000261: Table found: machinetool.c_cuttool_borrow_title
===2016-11-24 13:31:52.516 INFO  org.hibernate.tool.hbm2ddl.TableMetadata Line:66  - HHH000037: Columns: [goods_allocation_id, cuttool_id, create_time, storage_room_id, borrower, plan_return_time, employee_no, isreturn, type, borrow_time, work_order_no, update_time, return_time, create_person, update_person, borrow_no, surplus_lifetime, equipment_id]
===2016-11-24 13:31:52.516 INFO  org.hibernate.tool.hbm2ddl.TableMetadata Line:68  - HHH000108: Foreign keys: [cuttool_borrow_title_ibfk_2, cuttool_borrow_title_ibfk_1, cuttool_borrow_title_ibfk_3]
===2016-11-24 13:31:52.517 INFO  org.hibernate.tool.hbm2ddl.TableMetadata Line:69  - HHH000126: Indexes: [cuttool_borrow_title_ibfk_2, cuttool_borrow_title_ibfk_1, primary, cuttool_borrow_title_ibfk_3]
===2016-11-24 13:31:52.533 INFO  org.hibernate.tool.hbm2ddl.TableMetadata Line:65  - HHH000261: Table found: machinetool.c_cuttool_consumption
===2016-11-24 13:31:52.534 INFO  org.hibernate.tool.hbm2ddl.TableMetadata Line:66  - HHH000037: Columns: [goods_allocation_id, reason, create_time, storage_room_id, batch_id, workshop, source, team, type, unit_price, production_line, number, source_row, person, sequence_id, material_id, create_person, id, workshop_section, cretae_time, equipment_id]
===2016-11-24 13:31:52.535 INFO  org.hibernate.tool.hbm2ddl.TableMetadata Line:68  - HHH000108: Foreign keys: [fk_139glu769vlvy4079n5cjcygk]
===2016-11-24 13:31:52.536 INFO  org.hibernate.tool.hbm2ddl.TableMetadata Line:69  - HHH000126: Indexes: [fk_139glu769vlvy4079n5cjcygk, primary]
===2016-11-24 13:31:52.552 INFO  org.hibernate.tool.hbm2ddl.TableMetadata Line:65  - HHH000261: Table found: machinetool.c_cuttool_issue_plan
===2016-11-24 13:31:52.553 INFO  org.hibernate.tool.hbm2ddl.TableMetadata Line:66  - HHH000037: Columns: [plan_finish_date, is_issued, cuttool_id, required_person, create_time, required_equipment, plan_no, required_time, create_person]
===2016-11-24 13:31:52.553 INFO  org.hibernate.tool.hbm2ddl.TableMetadata Line:68  - HHH000108: Foreign keys: [fk_cuttool_issue_plan]
===2016-11-24 13:31:52.553 INFO  org.hibernate.tool.hbm2ddl.TableMetadata Line:69  - HHH000126: Indexes: [fk_cuttool_issue_plan, primary]
===2016-11-24 13:31:52.567 INFO  org.hibernate.tool.hbm2ddl.TableMetadata Line:65  - HHH000261: Table found: machinetool.c_cuttool_team
===2016-11-24 13:31:52.568 INFO  org.hibernate.tool.hbm2ddl.TableMetadata Line:66  - HHH000037: Columns: [cuttool_id, cuttool_team_id, cuttool_team_description, priority]
===2016-11-24 13:31:52.569 INFO  org.hibernate.tool.hbm2ddl.TableMetadata Line:68  - HHH000108: Foreign keys: []
===2016-11-24 13:31:52.570 INFO  org.hibernate.tool.hbm2ddl.TableMetadata Line:69  - HHH000126: Indexes: [primary]
===2016-11-24 13:31:52.600 INFO  org.hibernate.tool.hbm2ddl.TableMetadata Line:65  - HHH000261: Table found: machinetool.c_general_material
===2016-11-24 13:31:52.600 INFO  org.hibernate.tool.hbm2ddl.TableMetadata Line:66  - HHH000037: Columns: [manufacture_or_procure, safety_inventory, keep_rate, material_no, library_control, second_code, auxiliary_unit, can_store_ornot, material_describe, sequence_start_no, inventory_max, state, material_unit, can_handle_ornot, storage_period_control, create_time, order_amount_min, cost_order, material_class, sequence_start_prefix, inventory_plan, safety_inventory_days, version_control_ornot, buyer, batch_control_start_prefix, unit, sequence_control, safety_inventory_percentage, batch_control_start_no, postprocessing, batch_control, restricted_sub_inventory, material_type, update_time, order_amount_max, planner, transfer_coefficient, can_retain_ornot, in_preprocessing, use_ornot, restricted_cargo_space, stock_material_ornot, in_processing, inventory_min, material_id, storage_period_unit, create_person, update_person, remarks]
===2016-11-24 13:31:52.601 INFO  org.hibernate.tool.hbm2ddl.TableMetadata Line:68  - HHH000108: Foreign keys: []
===2016-11-24 13:31:52.602 INFO  org.hibernate.tool.hbm2ddl.TableMetadata Line:69  - HHH000126: Indexes: [uk_2acq9fejuu3jj9yj3ughr2l1g, unique_material_no, primary]
===2016-11-24 13:31:52.613 INFO  org.hibernate.tool.hbm2ddl.TableMetadata Line:65  - HHH000261: Table found: machinetool.c_hand_type
===2016-11-24 13:31:52.614 INFO  org.hibernate.tool.hbm2ddl.TableMetadata Line:66  - HHH000037: Columns: [hand_type, id]
===2016-11-24 13:31:52.615 INFO  org.hibernate.tool.hbm2ddl.TableMetadata Line:68  - HHH000108: Foreign keys: []
===2016-11-24 13:31:52.615 INFO  org.hibernate.tool.hbm2ddl.TableMetadata Line:69  - HHH000126: Indexes: [primary]
===2016-11-24 13:31:52.631 INFO  org.hibernate.tool.hbm2ddl.TableMetadata Line:65  - HHH000261: Table found: machinetool.c_issue_title
===2016-11-24 13:31:52.632 INFO  org.hibernate.tool.hbm2ddl.TableMetadata Line:66  - HHH000037: Columns: [using_equipment_id, is_related_cuttool, issue_no, using_cuttool, storage_room_id, pick_person, remarks]
===2016-11-24 13:31:52.632 INFO  org.hibernate.tool.hbm2ddl.TableMetadata Line:68  - HHH000108: Foreign keys: []
===2016-11-24 13:31:52.633 INFO  org.hibernate.tool.hbm2ddl.TableMetadata Line:69  - HHH000126: Indexes: [primary]
===2016-11-24 13:31:52.650 INFO  org.hibernate.tool.hbm2ddl.TableMetadata Line:65  - HHH000261: Table found: machinetool.c_material_affairs_handle
===2016-11-24 13:31:52.651 INFO  org.hibernate.tool.hbm2ddl.TableMetadata Line:66  - HHH000037: Columns: [transaction_manager_id, batch_id, stamp, transfer_inventory_id, source, forwarding, transfer_cargo_space_id, transaction_manager_activity, sequence_id, inventory_cargo_space_id, transfer_describe, stamp_time, create_time, transaction_manager_type, transaction_manager_company, make_invoice_nu, source_type, stock_id, provide, transaction_manager_no, material_id, create_person, total_transaction_manager, cover_the_cost, make_invoice]
===2016-11-24 13:31:52.651 INFO  org.hibernate.tool.hbm2ddl.TableMetadata Line:68  - HHH000108: Foreign keys: [fk_p1347hcvi9b5nk612tl1j2q20, fk_1u5n3n9b33eoqvic4rocvh91o, fk_2mrkqj2x88jni9639v2iuk7kx, fk_kw2elotu6f5rsludlqdb3caqc, fk_og37ucp9tf578ee4krm00scx1]
===2016-11-24 13:31:52.652 INFO  org.hibernate.tool.hbm2ddl.TableMetadata Line:69  - HHH000126: Indexes: [fk_p1347hcvi9b5nk612tl1j2q20, fk_1u5n3n9b33eoqvic4rocvh91o, fk_2mrkqj2x88jni9639v2iuk7kx, fk_kw2elotu6f5rsludlqdb3caqc, primary, fk_og37ucp9tf578ee4krm00scx1]
===2016-11-24 13:31:52.663 INFO  org.hibernate.tool.hbm2ddl.TableMetadata Line:65  - HHH000261: Table found: machinetool.c_material_parameter
===2016-11-24 13:31:52.664 INFO  org.hibernate.tool.hbm2ddl.TableMetadata Line:66  - HHH000037: Columns: [_type, parameter_value, material_id, _id, parameter_name, _class]
===2016-11-24 13:31:52.664 INFO  org.hibernate.tool.hbm2ddl.TableMetadata Line:68  - HHH000108: Foreign keys: []
===2016-11-24 13:31:52.665 INFO  org.hibernate.tool.hbm2ddl.TableMetadata Line:69  - HHH000126: Indexes: [primary]
===2016-11-24 13:31:52.676 INFO  org.hibernate.tool.hbm2ddl.TableMetadata Line:65  - HHH000261: Table found: machinetool.c_material_version
===2016-11-24 13:31:52.678 INFO  org.hibernate.tool.hbm2ddl.TableMetadata Line:66  - HHH000037: Columns: [default_version_ornot, material_version_no, material_id, version_explain, start_date]
===2016-11-24 13:31:52.679 INFO  org.hibernate.tool.hbm2ddl.TableMetadata Line:68  - HHH000108: Foreign keys: [fk_material_id]
===2016-11-24 13:31:52.679 INFO  org.hibernate.tool.hbm2ddl.TableMetadata Line:69  - HHH000126: Indexes: [material_version_no, primary]
===2016-11-24 13:31:52.690 INFO  org.hibernate.tool.hbm2ddl.TableMetadata Line:65  - HHH000261: Table found: machinetool.c_mechanical_equipment
===2016-11-24 13:31:52.690 INFO  org.hibernate.tool.hbm2ddl.TableMetadata Line:66  - HHH000037: Columns: [equipment_assets_no, equipment_name, max_power, main_shaft_trip, mechanical_id, director, workshop, device_group, main_shaft_type, distance_table_max, max_speed, equipment_type]
===2016-11-24 13:31:52.691 INFO  org.hibernate.tool.hbm2ddl.TableMetadata Line:68  - HHH000108: Foreign keys: []
===2016-11-24 13:31:52.691 INFO  org.hibernate.tool.hbm2ddl.TableMetadata Line:69  - HHH000126: Indexes: [primary]
===2016-11-24 13:31:52.710 INFO  org.hibernate.tool.hbm2ddl.TableMetadata Line:65  - HHH000261: Table found: machinetool.c_order_accept
===2016-11-24 13:31:52.711 INFO  org.hibernate.tool.hbm2ddl.TableMetadata Line:66  - HHH000037: Columns: [order_no, apply_line_no, provide_no, demand_time, line_no, cargo_space_id, apply_no, accept_storage_room_id, line_class, unit_price, process_time, stamp_ornot, dispatch_no, unit, sssue_ticket, cancle_number, material_id, delivery_number, sssue_ticket_number, state, accepted_number, include_tax_price, brand]
===2016-11-24 13:31:52.711 INFO  org.hibernate.tool.hbm2ddl.TableMetadata Line:68  - HHH000108: Foreign keys: [order_accept_material, order_accept_ibfk_1]
===2016-11-24 13:31:52.712 INFO  org.hibernate.tool.hbm2ddl.TableMetadata Line:69  - HHH000126: Indexes: [order_accept_material, primary]
===2016-11-24 13:31:52.741 INFO  org.hibernate.tool.hbm2ddl.TableMetadata Line:65  - HHH000261: Table found: machinetool.c_order_head
===2016-11-24 13:31:52.741 INFO  org.hibernate.tool.hbm2ddl.TableMetadata Line:66  - HHH000037: Columns: [order_no, pr_no, version_no, create_time, material_class, build_person, build_time, buyer, statement_clerk, update_time, accepte_storage_room_id, supplier, accept_order_side, state, update_person, supplier_code, class]
===2016-11-24 13:31:52.745 INFO  org.hibernate.tool.hbm2ddl.TableMetadata Line:68  - HHH000108: Foreign keys: [order_head_ibfk_1]
===2016-11-24 13:31:52.746 INFO  org.hibernate.tool.hbm2ddl.TableMetadata Line:69  - HHH000126: Indexes: [order_head_ibfk_1, primary]
===2016-11-24 13:31:52.764 INFO  org.hibernate.tool.hbm2ddl.TableMetadata Line:65  - HHH000261: Table found: machinetool.c_parameter_model
===2016-11-24 13:31:52.764 INFO  org.hibernate.tool.hbm2ddl.TableMetadata Line:66  - HHH000037: Columns: [suggested_cutting_par, type_name, describe_name, id, parameter_name, category, type, picture]
===2016-11-24 13:31:52.765 INFO  org.hibernate.tool.hbm2ddl.TableMetadata Line:68  - HHH000108: Foreign keys: []
===2016-11-24 13:31:52.765 INFO  org.hibernate.tool.hbm2ddl.TableMetadata Line:69  - HHH000126: Indexes: [primary]
===2016-11-24 13:31:52.777 INFO  org.hibernate.tool.hbm2ddl.TableMetadata Line:65  - HHH000261: Table found: machinetool.c_personnel
===2016-11-24 13:31:52.778 INFO  org.hibernate.tool.hbm2ddl.TableMetadata Line:66  - HHH000037: Columns: [no, sex, name, age]
===2016-11-24 13:31:52.778 INFO  org.hibernate.tool.hbm2ddl.TableMetadata Line:68  - HHH000108: Foreign keys: []
===2016-11-24 13:31:52.779 INFO  org.hibernate.tool.hbm2ddl.TableMetadata Line:69  - HHH000126: Indexes: [primary]
===2016-11-24 13:31:52.791 INFO  org.hibernate.tool.hbm2ddl.TableMetadata Line:65  - HHH000261: Table found: machinetool.c_process_card
===2016-11-24 13:31:52.791 INFO  org.hibernate.tool.hbm2ddl.TableMetadata Line:66  - HHH000037: Columns: [program_version, chip_minimum_diameter, spindle_speed, cuttool_no, program_cuttool_no, process_time, map_no, update_time, cuttool_room, process_number, chip_maximum_diameter, create_time, attachment_description, design_date, amount_feed, equipment, feed_per_blade, designer, process_description, hardness, cutting_depth, process_step_id, material, material_id, chip_speed, create_person, blade_number, update_person]
===2016-11-24 13:31:52.792 INFO  org.hibernate.tool.hbm2ddl.TableMetadata Line:68  - HHH000108: Foreign keys: [c_process_card_fk3]
===2016-11-24 13:31:52.793 INFO  org.hibernate.tool.hbm2ddl.TableMetadata Line:69  - HHH000126: Indexes: [primary]
===2016-11-24 13:31:52.849 INFO  org.hibernate.tool.hbm2ddl.TableMetadata Line:65  - HHH000261: Table found: machinetool.c_process_procedure
===2016-11-24 13:31:52.851 INFO  org.hibernate.tool.hbm2ddl.TableMetadata Line:66  - HHH000037: Columns: [fixture_id, process, create_time, program_name, process_version, runtime, process_description, process_diagram, update_time, process_name, using_equipment_team, material_id, create_person, using_equipment, update_person, cuttoll_magazine_type]
===2016-11-24 13:31:52.852 INFO  org.hibernate.tool.hbm2ddl.TableMetadata Line:68  - HHH000108: Foreign keys: []
===2016-11-24 13:31:52.853 INFO  org.hibernate.tool.hbm2ddl.TableMetadata Line:69  - HHH000126: Indexes: [primary]
===2016-11-24 13:31:52.867 INFO  org.hibernate.tool.hbm2ddl.TableMetadata Line:65  - HHH000261: Table found: machinetool.c_process_procedure_version
===2016-11-24 13:31:52.867 INFO  org.hibernate.tool.hbm2ddl.TableMetadata Line:66  - HHH000037: Columns: [approver, update_time, create_time, process_version, material_id, approve_time, create_person, update_person]
===2016-11-24 13:31:52.868 INFO  org.hibernate.tool.hbm2ddl.TableMetadata Line:68  - HHH000108: Foreign keys: []
===2016-11-24 13:31:52.868 INFO  org.hibernate.tool.hbm2ddl.TableMetadata Line:69  - HHH000126: Indexes: [primary]
===2016-11-24 13:31:52.878 INFO  org.hibernate.tool.hbm2ddl.TableMetadata Line:65  - HHH000261: Table found: machinetool.c_regist
===2016-11-24 13:31:52.879 INFO  org.hibernate.tool.hbm2ddl.TableMetadata Line:66  - HHH000037: Columns: [limited_warehouse_ornot, password, storage_room_id, director, organization, name, order_approval_authority, classification, need_password_ornot]
===2016-11-24 13:31:52.879 INFO  org.hibernate.tool.hbm2ddl.TableMetadata Line:68  - HHH000108: Foreign keys: [fk_ftoxxska2mmra4ddgady2gygw]
===2016-11-24 13:31:52.879 INFO  org.hibernate.tool.hbm2ddl.TableMetadata Line:69  - HHH000126: Indexes: [fk_ftoxxska2mmra4ddgady2gygw, uk_name, primary]
===2016-11-24 13:31:52.886 INFO  org.hibernate.tool.hbm2ddl.TableMetadata Line:65  - HHH000261: Table found: machinetool.c_sequence_list
===2016-11-24 13:31:52.887 INFO  org.hibernate.tool.hbm2ddl.TableMetadata Line:66  - HHH000037: Columns: [supplier_sequence, sequence_id, material_id, sequence_status, sequence_no]
===2016-11-24 13:31:52.888 INFO  org.hibernate.tool.hbm2ddl.TableMetadata Line:68  - HHH000108: Foreign keys: [sequence_material_id_fk]
===2016-11-24 13:31:52.888 INFO  org.hibernate.tool.hbm2ddl.TableMetadata Line:69  - HHH000126: Indexes: [primary, sequence_material_id_fk]
===2016-11-24 13:31:52.897 INFO  org.hibernate.tool.hbm2ddl.TableMetadata Line:65  - HHH000261: Table found: machinetool.c_solid_cuttool_parameter
===2016-11-24 13:31:52.898 INFO  org.hibernate.tool.hbm2ddl.TableMetadata Line:66  - HHH000037: Columns: [cuttool_id, parameter, value, total_class]
===2016-11-24 13:31:52.898 INFO  org.hibernate.tool.hbm2ddl.TableMetadata Line:68  - HHH000108: Foreign keys: [solid_cuttool_parameter_ibfk_1]
===2016-11-24 13:31:52.898 INFO  org.hibernate.tool.hbm2ddl.TableMetadata Line:69  - HHH000126: Indexes: [primary]
===2016-11-24 13:31:52.907 INFO  org.hibernate.tool.hbm2ddl.TableMetadata Line:65  - HHH000261: Table found: machinetool.c_source
===2016-11-24 13:31:52.908 INFO  org.hibernate.tool.hbm2ddl.TableMetadata Line:66  - HHH000037: Columns: [tdi_setdate, tdi_work, tdi_machine, tc_tp2, tdi_part, id, tdi_tool_count, tc_tp9, tdi_access]
===2016-11-24 13:31:52.908 INFO  org.hibernate.tool.hbm2ddl.TableMetadata Line:68  - HHH000108: Foreign keys: []
===2016-11-24 13:31:52.909 INFO  org.hibernate.tool.hbm2ddl.TableMetadata Line:69  - HHH000126: Indexes: [primary]
===2016-11-24 13:31:52.920 INFO  org.hibernate.tool.hbm2ddl.TableMetadata Line:65  - HHH000261: Table found: machinetool.c_stock_detail_list
===2016-11-24 13:31:52.920 INFO  org.hibernate.tool.hbm2ddl.TableMetadata Line:66  - HHH000037: Columns: [goods_allocation_id, version_no, version_exception, blunt_goods_num, batch_no, batch_id, goods_allocation_no, stock_id, borrow_number, available_quantity, sequence_id, material_id, sequence_no]
===2016-11-24 13:31:52.920 INFO  org.hibernate.tool.hbm2ddl.TableMetadata Line:68  - HHH000108: Foreign keys: []
===2016-11-24 13:31:52.921 INFO  org.hibernate.tool.hbm2ddl.TableMetadata Line:69  - HHH000126: Indexes: [primary]
===2016-11-24 13:31:52.930 INFO  org.hibernate.tool.hbm2ddl.TableMetadata Line:65  - HHH000261: Table found: machinetool.c_stock_list
===2016-11-24 13:31:52.931 INFO  org.hibernate.tool.hbm2ddl.TableMetadata Line:66  - HHH000037: Columns: [available_quantity, blunt_goods_num, weighted_price, material_id, stock_id, borrow_number]
===2016-11-24 13:31:52.931 INFO  org.hibernate.tool.hbm2ddl.TableMetadata Line:68  - HHH000108: Foreign keys: []
===2016-11-24 13:31:52.931 INFO  org.hibernate.tool.hbm2ddl.TableMetadata Line:69  - HHH000126: Indexes: [primary]
===2016-11-24 13:31:52.943 INFO  org.hibernate.tool.hbm2ddl.TableMetadata Line:65  - HHH000261: Table found: machinetool.c_storage_room_definition
===2016-11-24 13:31:52.944 INFO  org.hibernate.tool.hbm2ddl.TableMetadata Line:66  - HHH000037: Columns: [position_control, creator, storage_room_id, principal_custodian, storage_room_state, isstereolibrary, invalid_date, storage_room_create_date, could_net, plan_method, storage_room_describe, storage_room_position, storage_room_no]
===2016-11-24 13:31:52.945 INFO  org.hibernate.tool.hbm2ddl.TableMetadata Line:68  - HHH000108: Foreign keys: []
===2016-11-24 13:31:52.945 INFO  org.hibernate.tool.hbm2ddl.TableMetadata Line:69  - HHH000126: Indexes: [uk_8odeft667vaig5oskv78ic9bo, u_storage_no, primary]
===2016-11-24 13:31:52.959 INFO  org.hibernate.tool.hbm2ddl.TableMetadata Line:65  - HHH000261: Table found: machinetool.c_supplier
===2016-11-24 13:31:52.960 INFO  org.hibernate.tool.hbm2ddl.TableMetadata Line:66  - HHH000037: Columns: [update_time, address, province, create_time, city, supplier, contact_information, create_person, update_person, supplier_code, tax_rate, contacts]
===2016-11-24 13:31:52.961 INFO  org.hibernate.tool.hbm2ddl.TableMetadata Line:68  - HHH000108: Foreign keys: []
===2016-11-24 13:31:52.961 INFO  org.hibernate.tool.hbm2ddl.TableMetadata Line:69  - HHH000126: Indexes: [supplier, primary]
===2016-11-24 13:31:52.976 INFO  org.hibernate.tool.hbm2ddl.TableMetadata Line:65  - HHH000261: Table found: machinetool.c_unit
===2016-11-24 13:31:52.977 INFO  org.hibernate.tool.hbm2ddl.TableMetadata Line:66  - HHH000037: Columns: [unit_name, unit_no, unit_type]
===2016-11-24 13:31:52.978 INFO  org.hibernate.tool.hbm2ddl.TableMetadata Line:68  - HHH000108: Foreign keys: []
===2016-11-24 13:31:52.979 INFO  org.hibernate.tool.hbm2ddl.TableMetadata Line:69  - HHH000126: Indexes: [primary]
===2016-11-24 13:31:53.560 INFO  org.hibernate.tool.hbm2ddl.SchemaUpdate Line:267 - HHH000232: Schema update complete
===2016-11-24 13:31:53.763 INFO  org.hibernate.dialect.Dialect Line:145 - HHH000400: Using dialect: org.hibernate.dialect.MySQL5Dialect
===2016-11-24 13:31:53.776 INFO  org.hibernate.engine.transaction.internal.TransactionFactoryInitiator Line:62  - HHH000399: Using default transaction strategy (direct JDBC transactions)
===2016-11-24 13:31:53.778 INFO  org.hibernate.hql.internal.ast.ASTQueryTranslatorFactory Line:47  - HHH000397: Using ASTQueryTranslatorFactory
===2016-11-24 13:31:53.787 INFO  org.hibernate.tool.hbm2ddl.SchemaUpdate Line:207 - HHH000228: Running hbm2ddl schema update
===2016-11-24 13:31:53.787 INFO  org.hibernate.tool.hbm2ddl.SchemaUpdate Line:218 - HHH000102: Fetching database metadata
===2016-11-24 13:31:53.788 INFO  org.hibernate.tool.hbm2ddl.SchemaUpdate Line:230 - HHH000396: Updating schema
===2016-11-24 13:31:53.791 INFO  java.sql.DatabaseMetaData Line:147 - HHH000262: Table not found: name
===2016-11-24 13:31:53.797 INFO  java.sql.DatabaseMetaData Line:147 - HHH000262: Table not found: name
===2016-11-24 13:31:53.799 INFO  java.sql.DatabaseMetaData Line:147 - HHH000262: Table not found: name
===2016-11-24 13:31:53.836 INFO  org.hibernate.tool.hbm2ddl.SchemaUpdate Line:267 - HHH000232: Schema update complete
===2016-11-24 13:31:54.233 INFO  org.springframework.orm.hibernate4.HibernateTransactionManager Line:360 - Using DataSource [{
	CreateTime:"2016-11-24 13:31:45",
	ActiveCount:0,
	PoolingCount:1,
	CreateCount:1,
	DestroyCount:0,
	CloseCount:4,
	ConnectCount:4,
	Connections:[
		{ID:1228179933, ConnectTime:"2016-11-24 13:31:47", UseCount:4, LastActiveTime:"2016-11-24 13:31:53"}
	]
}] of Hibernate SessionFactory for HibernateTransactionManager
===2016-11-24 13:31:54.245 INFO  org.springframework.orm.hibernate4.HibernateTransactionManager Line:360 - Using DataSource [{
	CreateTime:"2016-11-24 13:31:47",
	ActiveCount:0,
	PoolingCount:1,
	CreateCount:1,
	DestroyCount:0,
	CloseCount:2,
	ConnectCount:2,
	Connections:[
		{ID:2123460034, ConnectTime:"2016-11-24 13:31:53", UseCount:2, LastActiveTime:"2016-11-24 13:31:53"}
	]
}] of Hibernate SessionFactory for HibernateTransactionManager
===2016-11-24 13:31:55.651 INFO  org.springframework.web.servlet.mvc.method.annotation.RequestMappingHandlerAdapter Line:532 - Looking for @ControllerAdvice: org.springframework.web.context.support.GenericWebApplicationContext@c03cf28: startup date [Thu Nov 24 13:31:39 CST 2016]; root of context hierarchy
===2016-11-24 13:31:55.767 INFO  org.springframework.web.servlet.mvc.method.annotation.RequestMappingHandlerMapping Line:527 - Mapped "{[/accountConfigurePermission/checkNeedPassword],methods=[GET]}" onto java.lang.Object com.smtcl.machinetool.controllers.page.AccountConfigurePermission.checkNeedPassword(java.lang.String)
===2016-11-24 13:31:55.769 INFO  org.springframework.web.servlet.mvc.method.annotation.RequestMappingHandlerMapping Line:527 - Mapped "{[/accountConfigurePermission/getAllMenu],methods=[GET]}" onto java.lang.Object com.smtcl.machinetool.controllers.page.AccountConfigurePermission.getAllMenu()
===2016-11-24 13:31:55.770 INFO  org.springframework.web.servlet.mvc.method.annotation.RequestMappingHandlerMapping Line:527 - Mapped "{[/accountConfigurePermission/getPNode],methods=[GET]}" onto java.lang.Object com.smtcl.machinetool.controllers.page.AccountConfigurePermission.getPNode(java.lang.String,java.lang.String)
===2016-11-24 13:31:55.770 INFO  org.springframework.web.servlet.mvc.method.annotation.RequestMappingHandlerMapping Line:527 - Mapped "{[/accountConfigurePermission/deleteUser],methods=[GET]}" onto java.lang.Object com.smtcl.machinetool.controllers.page.AccountConfigurePermission.deleteUser(java.lang.String)
===2016-11-24 13:31:55.771 INFO  org.springframework.web.servlet.mvc.method.annotation.RequestMappingHandlerMapping Line:527 - Mapped "{[/accountConfigurePermission/checkUser],methods=[GET]}" onto java.lang.Object com.smtcl.machinetool.controllers.page.AccountConfigurePermission.checkUser(java.lang.String)
===2016-11-24 13:31:55.772 INFO  org.springframework.web.servlet.mvc.method.annotation.RequestMappingHandlerMapping Line:527 - Mapped "{[/accountConfigurePermission/saveUser],methods=[POST]}" onto java.lang.Object com.smtcl.machinetool.controllers.page.AccountConfigurePermission.saveUser(java.lang.String)
===2016-11-24 13:31:55.773 INFO  org.springframework.web.servlet.mvc.method.annotation.RequestMappingHandlerMapping Line:527 - Mapped "{[/accountConfigurePermission/saveUserMenu],methods=[POST]}" onto java.lang.Object com.smtcl.machinetool.controllers.page.AccountConfigurePermission.saveUserMenu(java.lang.String)
===2016-11-24 13:31:55.777 INFO  org.springframework.web.servlet.mvc.method.annotation.RequestMappingHandlerMapping Line:527 - Mapped "{[/borrower/updateBorrower],methods=[POST]}" onto public java.lang.String com.smtcl.machinetool.controllers.page.Borrower.updateBorrower(java.lang.String)
===2016-11-24 13:31:55.777 INFO  org.springframework.web.servlet.mvc.method.annotation.RequestMappingHandlerMapping Line:527 - Mapped "{[/borrower/searchByBno],methods=[GET]}" onto public java.lang.String com.smtcl.machinetool.controllers.page.Borrower.searchByBno(java.lang.String)
===2016-11-24 13:31:55.778 INFO  org.springframework.web.servlet.mvc.method.annotation.RequestMappingHandlerMapping Line:527 - Mapped "{[/borrower/saveBorrower],methods=[POST]}" onto public java.lang.String com.smtcl.machinetool.controllers.page.Borrower.saveBorrower(java.lang.String)
===2016-11-24 13:31:55.779 INFO  org.springframework.web.servlet.mvc.method.annotation.RequestMappingHandlerMapping Line:527 - Mapped "{[/borrower/blurSearch],methods=[POST]}" onto public java.util.List com.smtcl.machinetool.controllers.page.Borrower.blurSearch(java.lang.String)
===2016-11-24 13:31:55.780 INFO  org.springframework.web.servlet.mvc.method.annotation.RequestMappingHandlerMapping Line:527 - Mapped "{[/cargoSpaceDefinition/searchByRoomNo],methods=[GET]}" onto public java.util.List com.smtcl.machinetool.controllers.page.CargoSpaceDefinition.getPlace(java.lang.String)
===2016-11-24 13:31:55.782 INFO  org.springframework.web.servlet.mvc.method.annotation.RequestMappingHandlerMapping Line:527 - Mapped "{[/categorySettings/save],methods=[POST]}" onto public java.lang.String com.smtcl.machinetool.controllers.page.CategorySettings.save(java.lang.String)
===2016-11-24 13:31:55.784 INFO  org.springframework.web.servlet.mvc.method.annotation.RequestMappingHandlerMapping Line:527 - Mapped "{[/categorySettings/upload],methods=[POST]}" onto public java.lang.String com.smtcl.machinetool.controllers.page.CategorySettings.materialParPicUpload(java.lang.String,java.lang.String,org.springframework.web.multipart.MultipartFile)
===2016-11-24 13:31:55.784 INFO  org.springframework.web.servlet.mvc.method.annotation.RequestMappingHandlerMapping Line:527 - Mapped "{[/categorySettings/removeImages],methods=[POST]}" onto public java.lang.String com.smtcl.machinetool.controllers.page.CategorySettings.removeImages(java.lang.String)
===2016-11-24 13:31:55.786 INFO  org.springframework.web.servlet.mvc.method.annotation.RequestMappingHandlerMapping Line:527 - Mapped "{[/commonSearchPage/commonSearch],methods=[POST]}" onto public java.util.List com.smtcl.machinetool.controllers.page.CommonSearchPage.commonStorageSearch(java.lang.String)
===2016-11-24 13:31:55.787 INFO  org.springframework.web.servlet.mvc.method.annotation.RequestMappingHandlerMapping Line:527 - Mapped "{[/consumption/blurSearch],methods=[POST]}" onto public java.util.List com.smtcl.machinetool.controllers.page.ConsumptionReport.blurSearch(java.lang.String)
===2016-11-24 13:31:55.788 INFO  org.springframework.web.servlet.mvc.method.annotation.RequestMappingHandlerMapping Line:527 - Mapped "{[/assembly/save],methods=[POST]}" onto public void com.smtcl.machinetool.controllers.page.CuttoolAssembly.save(java.lang.String)
===2016-11-24 13:31:55.789 INFO  org.springframework.web.servlet.mvc.method.annotation.RequestMappingHandlerMapping Line:527 - Mapped "{[/assembly/savewithmid],methods=[POST]}" onto public void com.smtcl.machinetool.controllers.page.CuttoolAssembly.savewithmid(java.lang.String)
===2016-11-24 13:31:55.790 INFO  org.springframework.web.servlet.mvc.method.annotation.RequestMappingHandlerMapping Line:527 - Mapped "{[/assembly/searchBycno],methods=[GET]}" onto public java.util.List<com.smtcl.machinetool.models.machinetool.CAssemblyModel> com.smtcl.machinetool.controllers.page.CuttoolAssembly.searchBycno(java.lang.String)
===2016-11-24 13:31:55.792 INFO  org.springframework.web.servlet.mvc.method.annotation.RequestMappingHandlerMapping Line:527 - Mapped "{[/cuttoolBorrow/canBorrowOrNot],methods=[GET]}" onto java.lang.Object com.smtcl.machinetool.controllers.page.CuttoolBorrow.canBorrowOrNot(java.lang.String)
===2016-11-24 13:31:55.793 INFO  org.springframework.web.servlet.mvc.method.annotation.RequestMappingHandlerMapping Line:527 - Mapped "{[/cuttoolBorrow/setTaskNo],methods=[POST]}" onto java.lang.String com.smtcl.machinetool.controllers.page.CuttoolBorrow.setTaskNo(java.lang.String)
===2016-11-24 13:31:55.793 INFO  org.springframework.web.servlet.mvc.method.annotation.RequestMappingHandlerMapping Line:527 - Mapped "{[/cuttoolBorrow/saveBorrowMsg],methods=[POST]}" onto java.lang.String com.smtcl.machinetool.controllers.page.CuttoolBorrow.saveBorrowMsg(java.lang.String)
===2016-11-24 13:31:55.794 INFO  org.springframework.web.servlet.mvc.method.annotation.RequestMappingHandlerMapping Line:527 - Mapped "{[/cuttoolBorrow/saveReturnMsg],methods=[POST]}" onto java.lang.String com.smtcl.machinetool.controllers.page.CuttoolBorrow.saveReturnMsg(java.lang.String)
===2016-11-24 13:31:55.794 INFO  org.springframework.web.servlet.mvc.method.annotation.RequestMappingHandlerMapping Line:527 - Mapped "{[/cuttoolBorrow/getHeadOrRow],methods=[POST]}" onto java.util.List com.smtcl.machinetool.controllers.page.CuttoolBorrow.getHeadOrRow(java.lang.String)
===2016-11-24 13:31:55.795 INFO  org.springframework.web.servlet.mvc.method.annotation.RequestMappingHandlerMapping Line:527 - Mapped "{[/cuttoolBorrow/getRowByBorrowNoOrCuttoolNo],methods=[POST]}" onto java.util.List com.smtcl.machinetool.controllers.page.CuttoolBorrow.getRowByBorrowNo(java.lang.String)
===2016-11-24 13:31:55.805 INFO  org.springframework.web.servlet.mvc.method.annotation.RequestMappingHandlerMapping Line:527 - Mapped "{[/cuttool/save],methods=[POST]}" onto public java.lang.String com.smtcl.machinetool.controllers.page.CuttoolDefinition.save(com.smtcl.machinetool.models.machinetool.CCuttoolBasedata)
===2016-11-24 13:31:55.806 INFO  org.springframework.web.servlet.mvc.method.annotation.RequestMappingHandlerMapping Line:527 - Mapped "{[/cuttool/blursearch],methods=[POST]}" onto public java.util.List com.smtcl.machinetool.controllers.page.CuttoolDefinition.search(java.lang.String)
===2016-11-24 13:31:55.806 INFO  org.springframework.web.servlet.mvc.method.annotation.RequestMappingHandlerMapping Line:527 - Mapped "{[/cuttool/saveAllCuttoolMsg],methods=[POST]}" onto public java.lang.Object com.smtcl.machinetool.controllers.page.CuttoolDefinition.saveAllCuttoolMsg(java.lang.String)
===2016-11-24 13:31:55.807 INFO  org.springframework.web.servlet.mvc.method.annotation.RequestMappingHandlerMapping Line:527 - Mapped "{[/cuttool/upload],methods=[POST]}" onto public java.lang.String com.smtcl.machinetool.controllers.page.CuttoolDefinition.upload(java.lang.String,org.springframework.web.multipart.MultipartFile)
===2016-11-24 13:31:55.807 INFO  org.springframework.web.servlet.mvc.method.annotation.RequestMappingHandlerMapping Line:527 - Mapped "{[/cuttool/searchbyno],methods=[GET]}" onto public java.util.List com.smtcl.machinetool.controllers.page.CuttoolDefinition.searchbyno(java.lang.String)
===2016-11-24 13:31:55.807 INFO  org.springframework.web.servlet.mvc.method.annotation.RequestMappingHandlerMapping Line:527 - Mapped "{[/cuttool/getList]}" onto public java.util.List<com.smtcl.machinetool.models.machinetool.CCuttoolBasedata> com.smtcl.machinetool.controllers.page.CuttoolDefinition.getList()
===2016-11-24 13:31:55.808 INFO  org.springframework.web.servlet.mvc.method.annotation.RequestMappingHandlerMapping Line:527 - Mapped "{[/cuttool/searchByCno],methods=[GET]}" onto public java.lang.String com.smtcl.machinetool.controllers.page.CuttoolDefinition.searchByCno(java.lang.String)
===2016-11-24 13:31:55.808 INFO  org.springframework.web.servlet.mvc.method.annotation.RequestMappingHandlerMapping Line:527 - Mapped "{[/cuttool/sendState],methods=[POST]}" onto public java.lang.String com.smtcl.machinetool.controllers.page.CuttoolDefinition.sendState(java.lang.String)
===2016-11-24 13:31:55.809 INFO  org.springframework.web.servlet.mvc.method.annotation.RequestMappingHandlerMapping Line:527 - Mapped "{[/cuttool/enableCuttool],methods=[GET]}" onto public java.lang.String com.smtcl.machinetool.controllers.page.CuttoolDefinition.enableCuttool(java.lang.String,java.lang.String,java.lang.String)
===2016-11-24 13:31:55.813 INFO  org.springframework.web.servlet.mvc.method.annotation.RequestMappingHandlerMapping Line:527 - Mapped "{[/cuttool/deleteCuttool],methods=[POST]}" onto public java.lang.String com.smtcl.machinetool.controllers.page.CuttoolDefinition.deleteCuttool(java.lang.String)
===2016-11-24 13:31:55.814 INFO  org.springframework.web.servlet.mvc.method.annotation.RequestMappingHandlerMapping Line:527 - Mapped "{[/cuttool/getMicrosetState],methods=[GET]}" onto public java.lang.Object com.smtcl.machinetool.controllers.page.CuttoolDefinition.getMicrosetState()
===2016-11-24 13:31:55.814 INFO  org.springframework.web.servlet.mvc.method.annotation.RequestMappingHandlerMapping Line:527 - Mapped "{[/cuttool/upadtePar],methods=[POST]}" onto java.lang.String com.smtcl.machinetool.controllers.page.CuttoolDefinition.upadtePar(java.lang.String)
===2016-11-24 13:31:55.815 INFO  org.springframework.web.servlet.mvc.method.annotation.RequestMappingHandlerMapping Line:527 - Mapped "{[/cuttool/getPicName],methods=[GET]}" onto public java.lang.String com.smtcl.machinetool.controllers.page.CuttoolDefinition.getPicName(java.lang.String)
===2016-11-24 13:31:55.815 INFO  org.springframework.web.servlet.mvc.method.annotation.RequestMappingHandlerMapping Line:527 - Mapped "{[/cuttool/getMicroset],methods=[POST]}" onto public java.lang.Object com.smtcl.machinetool.controllers.page.CuttoolDefinition.getMicroset(java.lang.String)
===2016-11-24 13:31:55.816 INFO  org.springframework.web.servlet.mvc.method.annotation.RequestMappingHandlerMapping Line:527 - Mapped "{[/cuttool/sendRFID],methods=[GET]}" onto public java.lang.Object com.smtcl.machinetool.controllers.page.CuttoolDefinition.sendRFID(java.lang.String)
===2016-11-24 13:31:55.816 INFO  org.springframework.web.servlet.mvc.method.annotation.RequestMappingHandlerMapping Line:527 - Mapped "{[/cuttool/saveCPar],methods=[POST]}" onto java.lang.String com.smtcl.machinetool.controllers.page.CuttoolDefinition.saveCPar(java.lang.String)
===2016-11-24 13:31:55.817 INFO  org.springframework.web.servlet.mvc.method.annotation.RequestMappingHandlerMapping Line:527 - Mapped "{[/cuttool/searchCParBycno],methods=[GET]}" onto public java.util.List com.smtcl.machinetool.controllers.page.CuttoolDefinition.searchCParBycno(java.lang.String,int)
===2016-11-24 13:31:55.818 INFO  org.springframework.web.servlet.mvc.method.annotation.RequestMappingHandlerMapping Line:527 - Mapped "{[/cuttoolParameter/searchCPar],methods=[GET]}" onto public java.util.List com.smtcl.machinetool.controllers.page.CuttoolParameter.searchCPar(java.lang.String)
===2016-11-24 13:31:55.818 INFO  org.springframework.web.servlet.mvc.method.annotation.RequestMappingHandlerMapping Line:527 - Mapped "{[/cuttoolParameter/save]}" onto public java.lang.String com.smtcl.machinetool.controllers.page.CuttoolParameter.savePar(java.lang.String)
===2016-11-24 13:31:55.819 INFO  org.springframework.web.servlet.mvc.method.annotation.RequestMappingHandlerMapping Line:527 - Mapped "{[/cuttoolScrap/isTotalScrap],methods=[POST]}" onto java.lang.String com.smtcl.machinetool.controllers.page.CuttoolScrap.isTotalScrap(java.lang.String)
===2016-11-24 13:31:55.819 INFO  org.springframework.web.servlet.mvc.method.annotation.RequestMappingHandlerMapping Line:527 - Mapped "{[/cuttoolScrap/saveScrapMsg],methods=[POST]}" onto java.lang.String com.smtcl.machinetool.controllers.page.CuttoolScrap.saveScrapMsg(java.lang.String)
===2016-11-24 13:31:55.821 INFO  org.springframework.web.servlet.mvc.method.annotation.RequestMappingHandlerMapping Line:527 - Mapped "{[/faliao/saveData],methods=[POST]}" onto java.lang.String com.smtcl.machinetool.controllers.page.faliao.saveData(java.lang.String,javax.servlet.http.HttpServletRequest)
===2016-11-24 13:31:55.821 INFO  org.springframework.web.servlet.mvc.method.annotation.RequestMappingHandlerMapping Line:527 - Mapped "{[/faliao/selectRow],methods=[POST]}" onto java.lang.String com.smtcl.machinetool.controllers.page.faliao.saveScrapMsg(java.lang.String)
===2016-11-24 13:31:55.823 INFO  org.springframework.web.servlet.mvc.method.annotation.RequestMappingHandlerMapping Line:527 - Mapped "{[/getMenuAuthority/menuAuthority],methods=[GET]}" onto public java.lang.Object com.smtcl.machinetool.controllers.page.getMenuAuthority.menuAuthority(javax.servlet.http.HttpServletRequest)
===2016-11-24 13:31:55.824 INFO  org.springframework.web.servlet.mvc.method.annotation.RequestMappingHandlerMapping Line:527 - Mapped "{[/getSessionData/getAuthority]}" onto public java.lang.Object com.smtcl.machinetool.controllers.page.getSessionData.getAuthority(javax.servlet.http.HttpSession)
===2016-11-24 13:31:55.825 INFO  org.springframework.web.servlet.mvc.method.annotation.RequestMappingHandlerMapping Line:527 - Mapped "{[/getSessionData/getUserName],methods=[GET]}" onto public java.lang.Object com.smtcl.machinetool.controllers.page.getSessionData.getUserName(javax.servlet.http.HttpSession)
===2016-11-24 13:31:55.827 INFO  org.springframework.web.servlet.mvc.method.annotation.RequestMappingHandlerMapping Line:527 - Mapped "{[/handtype/getCharacterList]}" onto public java.util.List<com.smtcl.machinetool.models.machinetool.CCharacteristicDescription> com.smtcl.machinetool.controllers.page.HandType.getCharacterList()
===2016-11-24 13:31:55.827 INFO  org.springframework.web.servlet.mvc.method.annotation.RequestMappingHandlerMapping Line:527 - Mapped "{[/handtype/getList]}" onto public java.util.List<com.smtcl.machinetool.models.machinetool.CHandType> com.smtcl.machinetool.controllers.page.HandType.getList()
===2016-11-24 13:31:55.829 INFO  org.springframework.web.servlet.mvc.method.annotation.RequestMappingHandlerMapping Line:527 - Mapped "{[/inventoryDetail/storageLocation],methods=[GET]}" onto public java.util.List com.smtcl.machinetool.controllers.page.InventoryDetail.getStorageLocation(java.lang.String)
===2016-11-24 13:31:55.829 INFO  org.springframework.web.servlet.mvc.method.annotation.RequestMappingHandlerMapping Line:527 - Mapped "{[/inventoryDetail/searchMaterialVersion],methods=[GET]}" onto public java.lang.String com.smtcl.machinetool.controllers.page.InventoryDetail.searchMaterialVersion(java.lang.String)
===2016-11-24 13:31:55.830 INFO  org.springframework.web.servlet.mvc.method.annotation.RequestMappingHandlerMapping Line:527 - Mapped "{[/inventoryDetail/getInventory],methods=[POST]}" onto public java.util.List com.smtcl.machinetool.controllers.page.InventoryDetail.getInventory(java.lang.String)
===2016-11-24 13:31:55.831 INFO  org.springframework.web.servlet.mvc.method.annotation.RequestMappingHandlerMapping Line:527 - Mapped "{[/login/checkUser],methods=[GET]}" onto java.lang.String com.smtcl.machinetool.controllers.page.Login.checkUser(java.lang.String,java.lang.String,javax.servlet.http.HttpServletRequest) throws java.io.IOException
===2016-11-24 13:31:55.832 INFO  org.springframework.web.servlet.mvc.method.annotation.RequestMappingHandlerMapping Line:527 - Mapped "{[/main/authority],methods=[GET]}" onto public java.lang.String com.smtcl.machinetool.controllers.page.MainPage.getAuthorityMenu(java.lang.String)
===2016-11-24 13:31:55.835 INFO  org.springframework.web.servlet.mvc.method.annotation.RequestMappingHandlerMapping Line:527 - Mapped "{[/materialDefinition/materialParPicUpload],methods=[POST]}" onto public java.lang.Integer com.smtcl.machinetool.controllers.page.MaterialDefinition.materialParPicUpload(java.lang.String,org.springframework.web.multipart.MultipartFile,java.lang.String,java.lang.String)
===2016-11-24 13:31:55.835 INFO  org.springframework.web.servlet.mvc.method.annotation.RequestMappingHandlerMapping Line:527 - Mapped "{[/materialDefinition/materialDefinitionUpload],methods=[POST]}" onto public java.lang.Object com.smtcl.machinetool.controllers.page.MaterialDefinition.materialDefinitionUpload(java.lang.String)
===2016-11-24 13:31:55.836 INFO  org.springframework.web.servlet.mvc.method.annotation.RequestMappingHandlerMapping Line:527 - Mapped "{[/materialDefinition/versionSearch],methods=[GET]}" onto public java.util.List com.smtcl.machinetool.controllers.page.MaterialDefinition.versionSearch(java.lang.String)
===2016-11-24 13:31:55.836 INFO  org.springframework.web.servlet.mvc.method.annotation.RequestMappingHandlerMapping Line:527 - Mapped "{[/materialDefinition/materialSearch],methods=[GET]}" onto public java.util.List com.smtcl.machinetool.controllers.page.MaterialDefinition.materialSearch(java.lang.String)
===2016-11-24 13:31:55.837 INFO  org.springframework.web.servlet.mvc.method.annotation.RequestMappingHandlerMapping Line:527 - Mapped "{[/materialDefinition/materialEdit],methods=[GET]}" onto public java.util.List com.smtcl.machinetool.controllers.page.MaterialDefinition.materialEdit(java.lang.String)
===2016-11-24 13:31:55.839 INFO  org.springframework.web.servlet.mvc.method.annotation.RequestMappingHandlerMapping Line:527 - Mapped "{[/materialDefinition/modelClassChoose],methods=[GET]}" onto public java.util.List com.smtcl.machinetool.controllers.page.MaterialDefinition.modelClassChoose(java.lang.String)
===2016-11-24 13:31:55.840 INFO  org.springframework.web.servlet.mvc.method.annotation.RequestMappingHandlerMapping Line:527 - Mapped "{[/materialDefinition/parsByMno],methods=[GET]}" onto public java.util.List com.smtcl.machinetool.controllers.page.MaterialDefinition.materialPars(java.lang.String)
===2016-11-24 13:31:55.841 INFO  org.springframework.web.servlet.mvc.method.annotation.RequestMappingHandlerMapping Line:527 - Mapped "{[/materialDefinition/initPar],methods=[GET]}" onto public java.util.List com.smtcl.machinetool.controllers.page.MaterialDefinition.getInitPar()
===2016-11-24 13:31:55.841 INFO  org.springframework.web.servlet.mvc.method.annotation.RequestMappingHandlerMapping Line:527 - Mapped "{[/materialDefinition/materialNoSearch],methods=[GET]}" onto public int com.smtcl.machinetool.controllers.page.MaterialDefinition.materialNoSearch(java.lang.String)
===2016-11-24 13:31:55.842 INFO  org.springframework.web.servlet.mvc.method.annotation.RequestMappingHandlerMapping Line:527 - Mapped "{[/materialDefinition/batchSearch],methods=[GET]}" onto public java.util.List com.smtcl.machinetool.controllers.page.MaterialDefinition.batchSearch(java.lang.String)
===2016-11-24 13:31:55.842 INFO  org.springframework.web.servlet.mvc.method.annotation.RequestMappingHandlerMapping Line:527 - Mapped "{[/materialDefinition/materialDelete],methods=[GET]}" onto public java.lang.Object com.smtcl.machinetool.controllers.page.MaterialDefinition.materialDelete(java.lang.String)
===2016-11-24 13:31:55.843 INFO  org.springframework.web.servlet.mvc.method.annotation.RequestMappingHandlerMapping Line:527 - Mapped "{[/materialDefinition/sequenceSearch],methods=[GET]}" onto public java.util.List com.smtcl.machinetool.controllers.page.MaterialDefinition.sequenceSearch(java.lang.String)
===2016-11-24 13:31:55.845 INFO  org.springframework.web.servlet.mvc.method.annotation.RequestMappingHandlerMapping Line:527 - Mapped "{[/MechanicalEquipment/saveData],methods=[POST]}" onto public java.lang.String com.smtcl.machinetool.controllers.page.MechanicalEquipment.save(java.lang.String)
===2016-11-24 13:31:55.846 INFO  org.springframework.web.servlet.mvc.method.annotation.RequestMappingHandlerMapping Line:527 - Mapped "{[/parametermodel/getPicname],methods=[GET]}" onto public java.lang.String com.smtcl.machinetool.controllers.page.ParameterModel.getPicname(java.lang.String,java.lang.String)
===2016-11-24 13:31:55.847 INFO  org.springframework.web.servlet.mvc.method.annotation.RequestMappingHandlerMapping Line:527 - Mapped "{[/parametermodel/showParList]}" onto public java.util.List<com.smtcl.machinetool.models.machinetool.CParameterModel> com.smtcl.machinetool.controllers.page.ParameterModel.showParList(java.lang.String)
===2016-11-24 13:31:55.847 INFO  org.springframework.web.servlet.mvc.method.annotation.RequestMappingHandlerMapping Line:527 - Mapped "{[/parametermodel/showList0]}" onto public java.util.List<com.smtcl.machinetool.models.machinetool.CParameterModel> com.smtcl.machinetool.controllers.page.ParameterModel.showList0()
===2016-11-24 13:31:55.848 INFO  org.springframework.web.servlet.mvc.method.annotation.RequestMappingHandlerMapping Line:527 - Mapped "{[/parametermodel/showCTypePar]}" onto public java.lang.Object com.smtcl.machinetool.controllers.page.ParameterModel.showCTypePar(java.lang.String,int)
===2016-11-24 13:31:55.848 INFO  org.springframework.web.servlet.mvc.method.annotation.RequestMappingHandlerMapping Line:527 - Mapped "{[/parametermodel/showList1]}" onto public java.util.List<com.smtcl.machinetool.models.machinetool.CParameterModel> com.smtcl.machinetool.controllers.page.ParameterModel.showList1()
===2016-11-24 13:31:55.850 INFO  org.springframework.web.servlet.mvc.method.annotation.RequestMappingHandlerMapping Line:527 - Mapped "{[/purchaseAgreement/selectPurchaseAgreement],methods=[POST]}" onto public java.lang.String com.smtcl.machinetool.controllers.page.PurchaseAgreement.selectPurchaseAgreement(java.lang.String)
===2016-11-24 13:31:55.851 INFO  org.springframework.web.servlet.mvc.method.annotation.RequestMappingHandlerMapping Line:527 - Mapped "{[/purchaseAgreement/savePurchaseAgreement],methods=[POST]}" onto public java.lang.String com.smtcl.machinetool.controllers.page.PurchaseAgreement.savePurchaseAgreement(java.lang.String,javax.servlet.http.HttpServletRequest)
===2016-11-24 13:31:55.852 INFO  org.springframework.web.servlet.mvc.method.annotation.RequestMappingHandlerMapping Line:527 - Mapped "{[/purchaseAgreement/deletePurchaseAgreement],methods=[POST]}" onto public java.lang.String com.smtcl.machinetool.controllers.page.PurchaseAgreement.deletePurchaseAgreement(java.lang.String)
===2016-11-24 13:31:55.853 INFO  org.springframework.web.servlet.mvc.method.annotation.RequestMappingHandlerMapping Line:527 - Mapped "{[/purchaseAgreement/getAgreementSummaryHead],methods=[POST]}" onto public java.lang.String com.smtcl.machinetool.controllers.page.PurchaseAgreement.getAgreementSummaryHead(java.lang.String)
===2016-11-24 13:31:55.853 INFO  org.springframework.web.servlet.mvc.method.annotation.RequestMappingHandlerMapping Line:527 - Mapped "{[/purchaseAgreement/getAgreementSummaryRow],methods=[GET]}" onto public java.lang.String com.smtcl.machinetool.controllers.page.PurchaseAgreement.getAgreementSummaryRow(java.lang.String)
===2016-11-24 13:31:55.854 INFO  org.springframework.web.servlet.mvc.method.annotation.RequestMappingHandlerMapping Line:527 - Mapped "{[/purchaseAgreement/approvalPurchaseAgreement],methods=[POST]}" onto public java.lang.String com.smtcl.machinetool.controllers.page.PurchaseAgreement.approvalPurchaseAgreement(java.lang.String)
===2016-11-24 13:31:55.854 INFO  org.springframework.web.servlet.mvc.method.annotation.RequestMappingHandlerMapping Line:527 - Mapped "{[/purchaseAgreement/getAgreementUnitPrice],methods=[GET]}" onto public java.lang.Object com.smtcl.machinetool.controllers.page.PurchaseAgreement.getAgreementUnitPrice(java.lang.String,java.lang.String,java.lang.String)
===2016-11-24 13:31:55.855 INFO  org.springframework.web.servlet.mvc.method.annotation.RequestMappingHandlerMapping Line:527 - Mapped "{[/purchaseBuyer/saveValue],methods=[POST]}" onto public java.lang.String com.smtcl.machinetool.controllers.page.PurchaseBuyer.saveValue(java.lang.String)
===2016-11-24 13:31:55.856 INFO  org.springframework.web.servlet.mvc.method.annotation.RequestMappingHandlerMapping Line:527 - Mapped "{[/purchaseOrder/getOrderByOrderNo],methods=[POST]}" onto java.lang.Object com.smtcl.machinetool.controllers.page.PurchaseOrder.getOrderByOrderNo(java.lang.String)
===2016-11-24 13:31:55.860 INFO  org.springframework.web.servlet.mvc.method.annotation.RequestMappingHandlerMapping Line:527 - Mapped "{[/purchaseOrder/getOrderRowByOrderNo],methods=[POST]}" onto java.lang.Object com.smtcl.machinetool.controllers.page.PurchaseOrder.getOrderRowByOrderNo(java.lang.String)
===2016-11-24 13:31:55.861 INFO  org.springframework.web.servlet.mvc.method.annotation.RequestMappingHandlerMapping Line:527 - Mapped "{[/purchaseOrder/saveOrder],methods=[POST]}" onto java.lang.String com.smtcl.machinetool.controllers.page.PurchaseOrder.saveOrder(java.lang.String)
===2016-11-24 13:31:55.861 INFO  org.springframework.web.servlet.mvc.method.annotation.RequestMappingHandlerMapping Line:527 - Mapped "{[/purchaseOrder/orderRowSummary],methods=[POST]}" onto java.lang.Object com.smtcl.machinetool.controllers.page.PurchaseOrder.orderRowSummary(java.lang.String)
===2016-11-24 13:31:55.863 INFO  org.springframework.web.servlet.mvc.method.annotation.RequestMappingHandlerMapping Line:527 - Mapped "{[/purchaseOrder/orderHeadSummary],methods=[POST]}" onto java.lang.Object com.smtcl.machinetool.controllers.page.PurchaseOrder.orderHeadSummary(java.lang.String)
===2016-11-24 13:31:55.865 INFO  org.springframework.web.servlet.mvc.method.annotation.RequestMappingHandlerMapping Line:527 - Mapped "{[/purchaseOrderAccept/getOrderRow],methods=[POST]}" onto public java.lang.Object com.smtcl.machinetool.controllers.page.PurchaseOrderAccept.getOrderRow(java.lang.String)
===2016-11-24 13:31:55.877 INFO  org.springframework.web.servlet.mvc.method.annotation.RequestMappingHandlerMapping Line:527 - Mapped "{[/purchaseOrderAccept/orderAcceptSave],methods=[POST]}" onto public java.lang.Object com.smtcl.machinetool.controllers.page.PurchaseOrderAccept.orderAcceptSave(java.lang.String)
===2016-11-24 13:31:55.891 INFO  org.springframework.web.servlet.mvc.method.annotation.RequestMappingHandlerMapping Line:527 - Mapped "{[/purchaseOrderPrint/checkPrint],methods=[POST]}" onto java.lang.String com.smtcl.machinetool.controllers.page.PurchaseOrderPrint.checkPrint(java.lang.String)
===2016-11-24 13:31:55.895 INFO  org.springframework.web.servlet.mvc.method.annotation.RequestMappingHandlerMapping Line:527 - Mapped "{[/purchaseOrderPrint/showPrint],methods=[POST]}" onto java.lang.String com.smtcl.machinetool.controllers.page.PurchaseOrderPrint.showPrint(java.lang.String)
===2016-11-24 13:31:55.900 INFO  org.springframework.web.servlet.mvc.method.annotation.RequestMappingHandlerMapping Line:527 - Mapped "{[/purchaseRequisition/getPageAuthorityAndRequisitionRow],methods=[GET]}" onto java.util.List com.smtcl.machinetool.controllers.page.purchaseRequisition.getPageAuthorityAndRequisitionRow(java.lang.String,java.lang.String,java.lang.String)
===2016-11-24 13:31:55.900 INFO  org.springframework.web.servlet.mvc.method.annotation.RequestMappingHandlerMapping Line:527 - Mapped "{[/purchaseRequisition/deleteRequisition],methods=[GET]}" onto java.lang.String com.smtcl.machinetool.controllers.page.purchaseRequisition.deleteRequisition(java.lang.String)
===2016-11-24 13:31:55.902 INFO  org.springframework.web.servlet.mvc.method.annotation.RequestMappingHandlerMapping Line:527 - Mapped "{[/purchaseRequisition/getMaterialVersion],methods=[GET]}" onto java.lang.String com.smtcl.machinetool.controllers.page.purchaseRequisition.getMaterialVersion(java.lang.String)
===2016-11-24 13:31:55.902 INFO  org.springframework.web.servlet.mvc.method.annotation.RequestMappingHandlerMapping Line:527 - Mapped "{[/purchaseRequisition/getRequisitionHeadOrRow],methods=[POST]}" onto java.lang.String com.smtcl.machinetool.controllers.page.purchaseRequisition.getRequisitionHeadOrRow(java.lang.String)
===2016-11-24 13:31:55.904 INFO  org.springframework.web.servlet.mvc.method.annotation.RequestMappingHandlerMapping Line:527 - Mapped "{[/purchaseRequisition/getMaterialRequisitionMsg],methods=[GET]}" onto java.lang.String com.smtcl.machinetool.controllers.page.purchaseRequisition.getMaterialRequisitionMsg(java.lang.String,java.lang.String)
===2016-11-24 13:31:55.905 INFO  org.springframework.web.servlet.mvc.method.annotation.RequestMappingHandlerMapping Line:527 - Mapped "{[/purchaseRequisition/getCurrentConsumption],methods=[GET]}" onto java.lang.String com.smtcl.machinetool.controllers.page.purchaseRequisition.getCurrentConsumption(java.lang.String,java.lang.String)
===2016-11-24 13:31:55.906 INFO  org.springframework.web.servlet.mvc.method.annotation.RequestMappingHandlerMapping Line:527 - Mapped "{[/purchaseRequisition/getRequisitionRowByApplyNo],methods=[GET]}" onto java.util.List com.smtcl.machinetool.controllers.page.purchaseRequisition.getRequisitionRowbYApplyNo(java.lang.String)
===2016-11-24 13:31:55.906 INFO  org.springframework.web.servlet.mvc.method.annotation.RequestMappingHandlerMapping Line:527 - Mapped "{[/purchaseRequisition/getSupplier],methods=[GET]}" onto java.util.List com.smtcl.machinetool.controllers.page.purchaseRequisition.getSupplier()
===2016-11-24 13:31:55.906 INFO  org.springframework.web.servlet.mvc.method.annotation.RequestMappingHandlerMapping Line:527 - Mapped "{[/purchaseRequisition/getRequisitionNo],methods=[GET]}" onto java.lang.String com.smtcl.machinetool.controllers.page.purchaseRequisition.getRequisitionNo()
===2016-11-24 13:31:55.907 INFO  org.springframework.web.servlet.mvc.method.annotation.RequestMappingHandlerMapping Line:527 - Mapped "{[/purchaseRequisition/saveRequisition],methods=[POST]}" onto java.lang.String com.smtcl.machinetool.controllers.page.purchaseRequisition.saveRequisition(java.lang.String)
===2016-11-24 13:31:55.908 INFO  org.springframework.web.servlet.mvc.method.annotation.RequestMappingHandlerMapping Line:527 - Mapped "{[/purchaseRequisition/getStorageRoom],methods=[GET]}" onto java.util.List com.smtcl.machinetool.controllers.page.purchaseRequisition.getStorageRoom()
===2016-11-24 13:31:55.908 INFO  org.springframework.web.servlet.mvc.method.annotation.RequestMappingHandlerMapping Line:527 - Mapped "{[/userRegister],methods=[GET]}" onto public java.lang.String com.smtcl.machinetool.controllers.page.Register.register(java.lang.String,java.lang.String,java.lang.String)
===2016-11-24 13:31:55.910 INFO  org.springframework.web.servlet.mvc.method.annotation.RequestMappingHandlerMapping Line:527 - Mapped "{[/sendStereoLibrary/stereoLibraryState],methods=[GET]}" onto public java.lang.Object com.smtcl.machinetool.controllers.page.SendStereoLibrary.stereoLibraryState(java.lang.String)
===2016-11-24 13:31:55.911 INFO  org.springframework.web.servlet.mvc.method.annotation.RequestMappingHandlerMapping Line:527 - Mapped "{[/sendStereoLibrary/send],methods=[POST]}" onto public java.lang.Object com.smtcl.machinetool.controllers.page.SendStereoLibrary.send(java.lang.String)
===2016-11-24 13:31:55.912 INFO  org.springframework.web.servlet.mvc.method.annotation.RequestMappingHandlerMapping Line:527 - Mapped "{[/source/getSourceState],methods=[GET]}" onto public java.lang.Object com.smtcl.machinetool.controllers.page.Source.getSourceState()
===2016-11-24 13:31:55.912 INFO  org.springframework.web.servlet.mvc.method.annotation.RequestMappingHandlerMapping Line:527 - Mapped "{[/source/getSourceData],methods=[GET]}" onto public java.lang.String com.smtcl.machinetool.controllers.page.Source.getSourceData()
===2016-11-24 13:31:55.913 INFO  org.springframework.web.servlet.mvc.method.annotation.RequestMappingHandlerMapping Line:527 - Mapped "{[/stockDetailList/availableNum],methods=[GET]}" onto public java.lang.String com.smtcl.machinetool.controllers.page.StockDetailList.availableNum(java.lang.String,java.lang.String,java.lang.String,java.lang.String,java.lang.String)
===2016-11-24 13:31:55.914 INFO  org.springframework.web.servlet.mvc.method.annotation.RequestMappingHandlerMapping Line:527 - Mapped "{[/stockDetailList/materialNum],methods=[GET]}" onto public java.lang.String com.smtcl.machinetool.controllers.page.StockDetailList.materialNum(java.lang.String,java.lang.String,java.lang.String)
===2016-11-24 13:31:55.914 INFO  org.springframework.web.servlet.mvc.method.annotation.RequestMappingHandlerMapping Line:527 - Mapped "{[/stockDetailList/availableNum],methods=[POST]}" onto java.lang.String com.smtcl.machinetool.controllers.page.StockDetailList.saveBorrowMsg(java.lang.String)
===2016-11-24 13:31:55.917 INFO  org.springframework.web.servlet.mvc.method.annotation.RequestMappingHandlerMapping Line:527 - Mapped "{[/storageAcceptPrint/getAllStorageAcceptList],methods=[POST]}" onto java.lang.Object com.smtcl.machinetool.controllers.page.StorageAcceptPrint.getAllStorageAcceptList(java.lang.String)
===2016-11-24 13:31:55.920 INFO  org.springframework.web.servlet.mvc.method.annotation.RequestMappingHandlerMapping Line:527 - Mapped "{[/storageDefinition/searchStorageNoById],methods=[GET]}" onto public java.lang.Object com.smtcl.machinetool.controllers.page.StorageDefinition.searchStorageNoById(java.lang.String)
===2016-11-24 13:31:55.924 INFO  org.springframework.web.servlet.mvc.method.annotation.RequestMappingHandlerMapping Line:527 - Mapped "{[/storageDefinition/storageOccupySearch],methods=[GET]}" onto public java.lang.Object com.smtcl.machinetool.controllers.page.StorageDefinition.storageOccupySearch(java.lang.String,java.lang.String)
===2016-11-24 13:31:55.925 INFO  org.springframework.web.servlet.mvc.method.annotation.RequestMappingHandlerMapping Line:527 - Mapped "{[/storageDefinition/storageLocationOccupySearch],methods=[GET]}" onto public java.lang.Object com.smtcl.machinetool.controllers.page.StorageDefinition.storageLocationOccupySearch(java.lang.String,java.lang.String,java.lang.String)
===2016-11-24 13:31:55.925 INFO  org.springframework.web.servlet.mvc.method.annotation.RequestMappingHandlerMapping Line:527 - Mapped "{[/storageDefinition/storageUpload],methods=[POST]}" onto public java.lang.String com.smtcl.machinetool.controllers.page.StorageDefinition.storageUpload(java.lang.String)
===2016-11-24 13:31:55.926 INFO  org.springframework.web.servlet.mvc.method.annotation.RequestMappingHandlerMapping Line:527 - Mapped "{[/storageDefinition/isLitiku],methods=[POST]}" onto public java.lang.String com.smtcl.machinetool.controllers.page.StorageDefinition.isLitiku(java.lang.String)
===2016-11-24 13:31:55.927 INFO  org.springframework.web.servlet.mvc.method.annotation.RequestMappingHandlerMapping Line:527 - Mapped "{[/storageDefinition/getPerson],methods=[GET]}" onto public java.util.List com.smtcl.machinetool.controllers.page.StorageDefinition.getPerson()
===2016-11-24 13:31:55.928 INFO  org.springframework.web.servlet.mvc.method.annotation.RequestMappingHandlerMapping Line:527 - Mapped "{[/storageDefinition/searchByid],methods=[POST]}" onto public java.lang.String com.smtcl.machinetool.controllers.page.StorageDefinition.searchByid(java.lang.String)
===2016-11-24 13:31:55.929 INFO  org.springframework.web.servlet.mvc.method.annotation.RequestMappingHandlerMapping Line:527 - Mapped "{[/storageDefinition/storageDelete],methods=[GET]}" onto public void com.smtcl.machinetool.controllers.page.StorageDefinition.storageDelete(java.lang.String)
===2016-11-24 13:31:55.929 INFO  org.springframework.web.servlet.mvc.method.annotation.RequestMappingHandlerMapping Line:527 - Mapped "{[/storageDefinition/storageSearch],methods=[GET]}" onto public java.util.List com.smtcl.machinetool.controllers.page.StorageDefinition.storageSearch(java.lang.String,java.lang.String,java.lang.String)
===2016-11-24 13:31:55.930 INFO  org.springframework.web.servlet.mvc.method.annotation.RequestMappingHandlerMapping Line:527 - Mapped "{[/storageDefinition/storageNoSearch],methods=[GET]}" onto public java.lang.Object com.smtcl.machinetool.controllers.page.StorageDefinition.storageSearch(java.lang.String)
===2016-11-24 13:31:55.939 INFO  org.springframework.web.servlet.mvc.method.annotation.RequestMappingHandlerMapping Line:527 - Mapped "{[/storageLocationDefinition/init],methods=[GET]}" onto public java.util.List com.smtcl.machinetool.controllers.page.StorageLocationDefinition.init()
===2016-11-24 13:31:55.940 INFO  org.springframework.web.servlet.mvc.method.annotation.RequestMappingHandlerMapping Line:527 - Mapped "{[/storageLocationDefinition/getUnit],methods=[GET]}" onto public java.util.List com.smtcl.machinetool.controllers.page.StorageLocationDefinition.getUnit()
===2016-11-24 13:31:55.940 INFO  org.springframework.web.servlet.mvc.method.annotation.RequestMappingHandlerMapping Line:527 - Mapped "{[/storageLocationDefinition/storageLocationNoSearch],methods=[GET]}" onto public java.lang.Object com.smtcl.machinetool.controllers.page.StorageLocationDefinition.storageLocationNoSearch(java.lang.String)
===2016-11-24 13:31:55.942 INFO  org.springframework.web.servlet.mvc.method.annotation.RequestMappingHandlerMapping Line:527 - Mapped "{[/storageLocationDefinition/storageLocationSearch],methods=[GET]}" onto public java.util.List com.smtcl.machinetool.controllers.page.StorageLocationDefinition.storageLocationSearch(java.lang.String,java.lang.String,java.lang.String)
===2016-11-24 13:31:55.944 INFO  org.springframework.web.servlet.mvc.method.annotation.RequestMappingHandlerMapping Line:527 - Mapped "{[/storageLocationDefinition/storageLocationUpload],methods=[POST]}" onto public java.lang.String com.smtcl.machinetool.controllers.page.StorageLocationDefinition.storageLocationUpload(java.lang.String)
===2016-11-24 13:31:55.944 INFO  org.springframework.web.servlet.mvc.method.annotation.RequestMappingHandlerMapping Line:527 - Mapped "{[/storageLocationDefinition/getAllStorage],methods=[GET]}" onto public java.util.List com.smtcl.machinetool.controllers.page.StorageLocationDefinition.getAllStorage()
===2016-11-24 13:31:55.945 INFO  org.springframework.web.servlet.mvc.method.annotation.RequestMappingHandlerMapping Line:527 - Mapped "{[/storageLocationDefinition/getStorageLocation],methods=[GET]}" onto public java.lang.Object com.smtcl.machinetool.controllers.page.StorageLocationDefinition.storageLocation(java.lang.String)
===2016-11-24 13:31:55.946 INFO  org.springframework.web.servlet.mvc.method.annotation.RequestMappingHandlerMapping Line:527 - Mapped "{[/supplierMaintenance/saveValue],methods=[POST]}" onto public java.lang.String com.smtcl.machinetool.controllers.page.SupplierMaintenance.saveValue(java.lang.String,javax.servlet.http.HttpServletRequest)
===2016-11-24 13:31:55.948 INFO  org.springframework.web.servlet.mvc.method.annotation.RequestMappingHandlerMapping Line:527 - Mapped "{[/]}" onto java.lang.String com.smtcl.machinetool.controllers.page.WelcomeAndError.home()
===2016-11-24 13:31:55.952 INFO  org.springframework.web.servlet.mvc.method.annotation.RequestMappingHandlerMapping Line:527 - Mapped "{[/error]}" onto public org.springframework.http.ResponseEntity<java.util.Map<java.lang.String, java.lang.Object>> org.springframework.boot.autoconfigure.web.BasicErrorController.error(javax.servlet.http.HttpServletRequest)
===2016-11-24 13:31:55.953 INFO  org.springframework.web.servlet.mvc.method.annotation.RequestMappingHandlerMapping Line:527 - Mapped "{[/error],produces=[text/html]}" onto public org.springframework.web.servlet.ModelAndView org.springframework.boot.autoconfigure.web.BasicErrorController.errorHtml(javax.servlet.http.HttpServletRequest,javax.servlet.http.HttpServletResponse)
===2016-11-24 13:31:56.012 INFO  org.springframework.web.servlet.handler.SimpleUrlHandlerMapping Line:341 - Mapped URL path [/**] onto handler of type [class org.springframework.web.servlet.resource.ResourceHttpRequestHandler]
===2016-11-24 13:31:56.012 INFO  org.springframework.web.servlet.handler.SimpleUrlHandlerMapping Line:341 - Mapped URL path [/webjars/**] onto handler of type [class org.springframework.web.servlet.resource.ResourceHttpRequestHandler]
===2016-11-24 13:31:56.077 INFO  org.springframework.web.servlet.handler.SimpleUrlHandlerMapping Line:341 - Mapped URL path [/**/favicon.ico] onto handler of type [class org.springframework.web.servlet.resource.ResourceHttpRequestHandler]
===2016-11-24 13:31:57.524 INFO  org.springframework.ui.freemarker.SpringTemplateLoader Line:61  - SpringTemplateLoader for FreeMarker: using resource loader [org.springframework.web.context.support.GenericWebApplicationContext@c03cf28: startup date [Thu Nov 24 13:31:39 CST 2016]; root of context hierarchy] and template loader path [classpath:/templates/]
===2016-11-24 13:31:57.525 INFO  org.springframework.web.servlet.view.freemarker.FreeMarkerConfigurer Line:127 - ClassTemplateLoader for Spring macros added to FreeMarker configuration
===2016-11-24 13:31:57.776 INFO  com.smtcl.MachineToolApplicationTests Line:57  - Started MachineToolApplicationTests in 20.657 seconds (JVM running for 24.403)
===2016-11-24 13:31:57.996 INFO  org.springframework.test.context.transaction.TransactionContext Line:101 - Began transaction (1) for test context [DefaultTestContext@72cf159f testClass = MachineToolApplicationTests, testInstance = com.smtcl.MachineToolApplicationTests@54af9cce, testMethod = contextLoads@MachineToolApplicationTests, testException = [null], mergedContextConfiguration = [WebMergedContextConfiguration@5f113867 testClass = MachineToolApplicationTests, locations = '{}', classes = '{class com.smtcl.machinetool.Main}', contextInitializerClasses = '[]', activeProfiles = '{}', propertySourceLocations = '{}', propertySourceProperties = '{}', resourceBasePath = 'src/main/webapp', contextLoader = 'org.springframework.boot.test.SpringApplicationContextLoader', parent = [null]]]; transaction manager [org.springframework.orm.hibernate4.HibernateTransactionManager@276e5add]; rollback [true]
===2016-11-24 13:31:58.180 INFO  org.springframework.test.context.transaction.TransactionContext Line:136 - Rolled back transaction for test context [DefaultTestContext@72cf159f testClass = MachineToolApplicationTests, testInstance = com.smtcl.MachineToolApplicationTests@54af9cce, testMethod = contextLoads@MachineToolApplicationTests, testException = [null], mergedContextConfiguration = [WebMergedContextConfiguration@5f113867 testClass = MachineToolApplicationTests, locations = '{}', classes = '{class com.smtcl.machinetool.Main}', contextInitializerClasses = '[]', activeProfiles = '{}', propertySourceLocations = '{}', propertySourceProperties = '{}', resourceBasePath = 'src/main/webapp', contextLoader = 'org.springframework.boot.test.SpringApplicationContextLoader', parent = [null]]].
===2016-11-24 13:31:58.185 INFO  org.springframework.web.context.support.GenericWebApplicationContext Line:960 - Closing org.springframework.web.context.support.GenericWebApplicationContext@c03cf28: startup date [Thu Nov 24 13:31:39 CST 2016]; root of context hierarchy
===2016-11-24 13:31:58.197 INFO  org.springframework.orm.jpa.LocalContainerEntityManagerFactoryBean Line:462 - Closing JPA EntityManagerFactory for persistence unit 'default'
===2016-11-24 13:31:58.200 INFO  com.alibaba.druid.pool.DruidDataSource Line:1436 - {dataSource-1} closed
===2016-11-24 13:31:58.202 INFO  com.alibaba.druid.pool.DruidDataSource Line:1436 - {dataSource-2} closed
